Using pre-set license
Built from '2022.3/staging' branch; Version is '2022.3.7f1 (b16b3b16c7a0) revision 11627323'; Using compiler version '192829333'; Build Type 'Release'
OS: 'Windows 10  (10.0.19045) 64bit ProfessionalEducation' Language: 'en' Physical Memory: 16306 MB
BatchMode: 1, IsHumanControllingUs: 0, StartBugReporterOnCrash: 0, Is64bit: 1, IsPro: 1

COMMAND LINE ARGUMENTS:
C:\Program Files\Unity\Hub\Editor\2022.3.7f1\Editor\Unity.exe
-adb2
-batchMode
-noUpm
-name
AssetImportWorker0
-projectPath
C:/Users/RMariani9424/My project (1)
-logFile
Logs/AssetImportWorker0.log
-srvPort
57834
Successfully changed project path to: C:/Users/RMariani9424/My project (1)
C:/Users/RMariani9424/My project (1)
[UnityMemory] Configuration Parameters - Can be set up in boot.config
    "memorysetup-bucket-allocator-granularity=16"
    "memorysetup-bucket-allocator-bucket-count=8"
    "memorysetup-bucket-allocator-block-size=33554432"
    "memorysetup-bucket-allocator-block-count=8"
    "memorysetup-main-allocator-block-size=16777216"
    "memorysetup-thread-allocator-block-size=16777216"
    "memorysetup-gfx-main-allocator-block-size=16777216"
    "memorysetup-gfx-thread-allocator-block-size=16777216"
    "memorysetup-cache-allocator-block-size=4194304"
    "memorysetup-typetree-allocator-block-size=2097152"
    "memorysetup-profiler-bucket-allocator-granularity=16"
    "memorysetup-profiler-bucket-allocator-bucket-count=8"
    "memorysetup-profiler-bucket-allocator-block-size=33554432"
    "memorysetup-profiler-bucket-allocator-block-count=8"
    "memorysetup-profiler-allocator-block-size=16777216"
    "memorysetup-profiler-editor-allocator-block-size=1048576"
    "memorysetup-temp-allocator-size-main=16777216"
    "memorysetup-job-temp-allocator-block-size=2097152"
    "memorysetup-job-temp-allocator-block-size-background=1048576"
    "memorysetup-job-temp-allocator-reduction-small-platforms=262144"
    "memorysetup-allocator-temp-initial-block-size-main=262144"
    "memorysetup-allocator-temp-initial-block-size-worker=262144"
    "memorysetup-temp-allocator-size-background-worker=32768"
    "memorysetup-temp-allocator-size-job-worker=262144"
    "memorysetup-temp-allocator-size-preload-manager=33554432"
    "memorysetup-temp-allocator-size-nav-mesh-worker=65536"
    "memorysetup-temp-allocator-size-audio-worker=65536"
    "memorysetup-temp-allocator-size-cloud-worker=32768"
    "memorysetup-temp-allocator-size-gi-baking-worker=262144"
    "memorysetup-temp-allocator-size-gfx=262144"
Player connection [4408] Host "[IP] 10.111.2.48 [Port] 0 [Flags] 2 [Guid] 198801353 [EditorId] 198801353 [Version] 1048832 [Id] WindowsEditor(7,WIL119-27) [Debug] 1 [PackageName] WindowsEditor [ProjectName] Editor" joined multi-casting on [225.0.0.222:54997]...

Player connection [4408] Host "[IP] 10.111.2.48 [Port] 0 [Flags] 2 [Guid] 198801353 [EditorId] 198801353 [Version] 1048832 [Id] WindowsEditor(7,WIL119-27) [Debug] 1 [PackageName] WindowsEditor [ProjectName] Editor" joined alternative multi-casting on [225.0.0.222:34997]...

Refreshing native plugins compatible for Editor in 316.85 ms, found 3 plugins.
Preloading 0 native plugins for Editor in 0.00 ms.
Initialize engine version: 2022.3.7f1 (b16b3b16c7a0)
[Subsystems] Discovering subsystems at path C:/Program Files/Unity/Hub/Editor/2022.3.7f1/Editor/Data/Resources/UnitySubsystems
[Subsystems] Discovering subsystems at path C:/Users/RMariani9424/My project (1)/Assets
GfxDevice: creating device client; threaded=0; jobified=0
Direct3D:
    Version:  Direct3D 11.0 [level 11.1]
    Renderer: AMD FirePro W5100 Graphics Adapter (ID=0x6649)
    Vendor:   ATI
    VRAM:     4073 MB
    Driver:   22.19.161.0
Shader Hidden/ProbeVolume/VoxelizeScene is not supported: GPU does not support conservative rasterization
Initialize mono
Mono path[0] = 'C:/Program Files/Unity/Hub/Editor/2022.3.7f1/Editor/Data/Managed'
Mono path[1] = 'C:/Program Files/Unity/Hub/Editor/2022.3.7f1/Editor/Data/MonoBleedingEdge/lib/mono/unityjit-win32'
Mono config path = 'C:/Program Files/Unity/Hub/Editor/2022.3.7f1/Editor/Data/MonoBleedingEdge/etc'
Using monoOptions --debugger-agent=transport=dt_socket,embedding=1,server=y,suspend=n,address=127.0.0.1:56400
Begin MonoManager ReloadAssembly
Registering precompiled unity dll's ...
Register platform support module: C:/Program Files/Unity/Hub/Editor/2022.3.7f1/Editor/Data/PlaybackEngines/WebGLSupport/UnityEditor.WebGL.Extensions.dll
Register platform support module: C:/Program Files/Unity/Hub/Editor/2022.3.7f1/Editor/Data/PlaybackEngines/WindowsStandaloneSupport/UnityEditor.WindowsStandalone.Extensions.dll
Registered in 0.015735 seconds.
- Loaded All Assemblies, in  0.674 seconds
Native extension for WindowsStandalone target not found
Native extension for WebGL target not found
Mono: successfully reloaded assembly
- Finished resetting the current domain, in  0.353 seconds
Domain Reload Profiling: 1025ms
	BeginReloadAssembly (279ms)
		ExecutionOrderSort (0ms)
		DisableScriptedObjects (0ms)
		BackupInstance (0ms)
		ReleaseScriptingObjects (0ms)
		CreateAndSetChildDomain (1ms)
	RebuildCommonClasses (47ms)
	RebuildNativeTypeToScriptingClass (15ms)
	initialDomainReloadingComplete (81ms)
	LoadAllAssembliesAndSetupDomain (249ms)
		LoadAssemblies (278ms)
		RebuildTransferFunctionScriptingTraits (0ms)
		AnalyzeDomain (246ms)
			TypeCache.Refresh (244ms)
				TypeCache.ScanAssembly (222ms)
			ScanForSourceGeneratedMonoScriptInfo (0ms)
			ResolveRequiredComponents (1ms)
	FinalizeReload (354ms)
		ReleaseScriptCaches (0ms)
		RebuildScriptCaches (0ms)
		SetupLoadedEditorAssemblies (273ms)
			LogAssemblyErrors (0ms)
			InitializePlatformSupportModulesInManaged (14ms)
			SetLoadedEditorAssemblies (6ms)
			RefreshPlugins (0ms)
			BeforeProcessingInitializeOnLoad (3ms)
			ProcessInitializeOnLoadAttributes (168ms)
			ProcessInitializeOnLoadMethodAttributes (82ms)
			AfterProcessingInitializeOnLoad (0ms)
			EditorAssembliesLoaded (0ms)
		ExecutionOrderSort2 (0ms)
		AwakeInstancesAfterBackupRestoration (0ms)
========================================================================
Worker process is ready to serve import requests
Begin MonoManager ReloadAssembly
Symbol file LoadedFromMemory doesn't match image C:\Users\RMariani9424\My project (1)\Library\PackageCache\com.unity.visualscripting@1.8.0\Editor\VisualScripting.Core\Dependencies\YamlDotNet\Unity.VisualScripting.YamlDotNet.dll
Symbol file LoadedFromMemory doesn't match image C:\Users\RMariani9424\My project (1)\Library\PackageCache\com.unity.visualscripting@1.8.0\Editor\VisualScripting.Core\Dependencies\DotNetZip\Unity.VisualScripting.IonicZip.dll
- Loaded All Assemblies, in  4.671 seconds
Refreshing native plugins compatible for Editor in 9.68 ms, found 3 plugins.
Native extension for WindowsStandalone target not found
Native extension for WebGL target not found
Package Manager log level set to [2]
[Package Manager] Server::EnsureServerProcessIsRunning -- launch failed, reason: Unity was launched with the -noUpm command-line argument
[Package Manager] UpmClient::Send -- Unable to send message (not connected to UPM process).
[Package Manager] Cannot connect to Unity Package Manager local server
Mono: successfully reloaded assembly
- Finished resetting the current domain, in  0.941 seconds
Domain Reload Profiling: 5605ms
	BeginReloadAssembly (387ms)
		ExecutionOrderSort (0ms)
		DisableScriptedObjects (7ms)
		BackupInstance (0ms)
		ReleaseScriptingObjects (0ms)
		CreateAndSetChildDomain (25ms)
	RebuildCommonClasses (40ms)
	RebuildNativeTypeToScriptingClass (13ms)
	initialDomainReloadingComplete (102ms)
	LoadAllAssembliesAndSetupDomain (4122ms)
		LoadAssemblies (4020ms)
		RebuildTransferFunctionScriptingTraits (0ms)
		AnalyzeDomain (413ms)
			TypeCache.Refresh (366ms)
				TypeCache.ScanAssembly (345ms)
			ScanForSourceGeneratedMonoScriptInfo (33ms)
			ResolveRequiredComponents (12ms)
	FinalizeReload (942ms)
		ReleaseScriptCaches (0ms)
		RebuildScriptCaches (0ms)
		SetupLoadedEditorAssemblies (726ms)
			LogAssemblyErrors (0ms)
			InitializePlatformSupportModulesInManaged (11ms)
			SetLoadedEditorAssemblies (4ms)
			RefreshPlugins (0ms)
			BeforeProcessingInitializeOnLoad (96ms)
			ProcessInitializeOnLoadAttributes (526ms)
			ProcessInitializeOnLoadMethodAttributes (79ms)
			AfterProcessingInitializeOnLoad (11ms)
			EditorAssembliesLoaded (0ms)
		ExecutionOrderSort2 (0ms)
		AwakeInstancesAfterBackupRestoration (9ms)
Shader Hidden/ProbeVolume/VoxelizeScene is not supported: GPU does not support conservative rasterization
Launched and connected shader compiler UnityShaderCompiler.exe after 0.11 seconds
Refreshing native plugins compatible for Editor in 11.43 ms, found 3 plugins.
Preloading 0 native plugins for Editor in 0.00 ms.
Unloading 5494 Unused Serialized files (Serialized files now loaded: 0)
Unloading 65 unused Assets / (1.1 MB). Loaded Objects now: 5950.
Memory consumption went from 210.7 MB to 209.6 MB.
Total: 4.552200 ms (FindLiveObjects: 0.709300 ms CreateObjectMapping: 0.347200 ms MarkObjects: 3.159700 ms  DeleteObjects: 0.334800 ms)

AssetImportParameters requested are different than current active one (requested -> active):
  custom:container-demuxer-ogg: 62fdf1f143b41e24485cea50d1cbac27 -> 
  custom:video-decoder-ogg-theora: a1e56fd34408186e4bbccfd4996cb3dc -> 
  custom:framework-win-MediaFoundation: 216162199b28c13a410421893ffa2e32 -> 
  custom:container-demuxer-webm: 4f35f7cbe854078d1ac9338744f61a02 -> 
  custom:container-muxer-webm: aa71ff27fc2769a1b78a27578f13a17b -> 
  custom:video-decoder-webm-vp8: 9c59270c3fd7afecdb556c50c9e8de78 -> 
  custom:AudioImporter_EditorPlatform: d09bf68614088b80899f8185d706f6e7 -> 
  custom:video-encoder-webm-vp8: eb34c28f22e8b96e1ab97ce403110664 -> 
  custom:audio-decoder-ogg-vorbis: bf7c407c2cedff20999df2af8eb42d56 -> 
  custom:audio-encoder-webm-vorbis: bf7c407c2cedff20999df2af8eb42d56 -> 
========================================================================
Received Import Request.
  Time since last request: 278860.851639 seconds.
  path: Assets/TutorialInfo
  artifactKey: Guid(ba062aa6c92b140379dbc06b43dd3b9b) Importer(815301076,1909f56bfc062723c751e8b465ee728b)
Start importing Assets/TutorialInfo using Guid(ba062aa6c92b140379dbc06b43dd3b9b) Importer(815301076,1909f56bfc062723c751e8b465ee728b)  -> (artifact id: 'c6fad8187a9660f5dc61c251b99f2f4e') in 0.002139 seconds
Number of updated asset objects reloaded before import = 0
Number of asset objects unloaded after import = 0
========================================================================
Received Import Request.
  Time since last request: 68.002013 seconds.
  path: Assets
  artifactKey: Guid(00000000000000001000000000000000) Importer(815301076,1909f56bfc062723c751e8b465ee728b)
Start importing Assets using Guid(00000000000000001000000000000000) Importer(815301076,1909f56bfc062723c751e8b465ee728b)  -> (artifact id: '8a4fe85251aa2e89732c359432baa2c3') in 0.000522 seconds
Number of updated asset objects reloaded before import = 0
Number of asset objects unloaded after import = 0
========================================================================
Received Prepare
Shader Hidden/ProbeVolume/VoxelizeScene is not supported: GPU does not support conservative rasterization
Refreshing native plugins compatible for Editor in 9.39 ms, found 3 plugins.
Preloading 0 native plugins for Editor in 0.00 ms.
Unloading 3 Unused Serialized files (Serialized files now loaded: 0)
Unloading 3 unused Assets / (1.0 MB). Loaded Objects now: 5950.
Memory consumption went from 100.4 MB to 99.4 MB.
Total: 4.976000 ms (FindLiveObjects: 0.479700 ms CreateObjectMapping: 0.315600 ms MarkObjects: 3.996900 ms  DeleteObjects: 0.183000 ms)

Prepare: number of updated asset objects reloaded= 0
AssetImportParameters requested are different than current active one (requested -> active):
  custom:container-demuxer-ogg: 62fdf1f143b41e24485cea50d1cbac27 -> 
  custom:video-decoder-ogg-theora: a1e56fd34408186e4bbccfd4996cb3dc -> 
  custom:framework-win-MediaFoundation: 216162199b28c13a410421893ffa2e32 -> 
  custom:CustomObjectIndexerAttribute: a3ef5dd2817f97addfee359851a9dba5 -> 
  custom:container-demuxer-webm: 4f35f7cbe854078d1ac9338744f61a02 -> 
  custom:container-muxer-webm: aa71ff27fc2769a1b78a27578f13a17b -> 
  custom:video-decoder-webm-vp8: 9c59270c3fd7afecdb556c50c9e8de78 -> 
  custom:SearchIndexIgnoredProperties: e643bd26f0fe6173181afceb89e7c659 -> 
  custom:AudioImporter_EditorPlatform: d09bf68614088b80899f8185d706f6e7 -> 
  custom:video-encoder-webm-vp8: eb34c28f22e8b96e1ab97ce403110664 -> 
  custom:audio-decoder-ogg-vorbis: bf7c407c2cedff20999df2af8eb42d56 -> 
  custom:audio-encoder-webm-vorbis: bf7c407c2cedff20999df2af8eb42d56 -> 
========================================================================
Received Import Request.
  Time since last request: 13.904104 seconds.
  path: Assets/VFX Graphs
  artifactKey: Guid(d78f160929a5a8247954ca55c5ca99d2) Importer(815301076,1909f56bfc062723c751e8b465ee728b)
Start importing Assets/VFX Graphs using Guid(d78f160929a5a8247954ca55c5ca99d2) Importer(815301076,1909f56bfc062723c751e8b465ee728b)  -> (artifact id: 'b4baaa1a873d1c50c8333c0daa3c6634') in 0.000494 seconds
Number of updated asset objects reloaded before import = 0
Number of asset objects unloaded after import = 0
========================================================================
Received Import Request.
  Time since last request: 39.619864 seconds.
  path: Assets/VFX Graphs/Blood_Loop.vfx
  artifactKey: Guid(e4241a57b5d6e1946b1779308b717af8) Importer(815301076,1909f56bfc062723c751e8b465ee728b)
Start importing Assets/VFX Graphs/Blood_Loop.vfx using Guid(e4241a57b5d6e1946b1779308b717af8) Importer(815301076,1909f56bfc062723c751e8b465ee728b)  -> (artifact id: 'ac3d661d87f50cfc4f1553922c31fc83') in 0.004815 seconds
Number of updated asset objects reloaded before import = 0
Number of asset objects unloaded after import = 6
========================================================================
Received Import Request.
  Time since last request: 101.746441 seconds.
  path: Assets/VFX Graphs/Blood_Loop.vfx
  artifactKey: Guid(e4241a57b5d6e1946b1779308b717af8) Importer(815301076,1909f56bfc062723c751e8b465ee728b)
Start importing Assets/VFX Graphs/Blood_Loop.vfx using Guid(e4241a57b5d6e1946b1779308b717af8) Importer(815301076,1909f56bfc062723c751e8b465ee728b)  -> (artifact id: 'ff2efda8393783ce6377c2ef62dbf4ae') in 0.003326 seconds
Number of updated asset objects reloaded before import = 0
Number of asset objects unloaded after import = 6
========================================================================
Received Import Request.
  Time since last request: 5.307573 seconds.
  path: Assets/VFX Graphs/Blood_Loop.vfx
  artifactKey: Guid(e4241a57b5d6e1946b1779308b717af8) Importer(815301076,1909f56bfc062723c751e8b465ee728b)
Start importing Assets/VFX Graphs/Blood_Loop.vfx using Guid(e4241a57b5d6e1946b1779308b717af8) Importer(815301076,1909f56bfc062723c751e8b465ee728b)  -> (artifact id: '73900c6d91820684d6c848995284fcc0') in 0.002911 seconds
Number of updated asset objects reloaded before import = 0
Number of asset objects unloaded after import = 6
========================================================================
Received Import Request.
  Time since last request: 2.718465 seconds.
  path: Assets/VFX Graphs/Blood_Loop.vfx
  artifactKey: Guid(e4241a57b5d6e1946b1779308b717af8) Importer(815301076,1909f56bfc062723c751e8b465ee728b)
Start importing Assets/VFX Graphs/Blood_Loop.vfx using Guid(e4241a57b5d6e1946b1779308b717af8) Importer(815301076,1909f56bfc062723c751e8b465ee728b)  -> (artifact id: 'c44c687efae4ffc07d94b0e292fdf209') in 0.002690 seconds
Number of updated asset objects reloaded before import = 0
Number of asset objects unloaded after import = 6
========================================================================
Received Import Request.
  Time since last request: 51.760719 seconds.
  path: Assets/VFX Graphs/Blood_Loop.vfx
  artifactKey: Guid(e4241a57b5d6e1946b1779308b717af8) Importer(815301076,1909f56bfc062723c751e8b465ee728b)
Start importing Assets/VFX Graphs/Blood_Loop.vfx using Guid(e4241a57b5d6e1946b1779308b717af8) Importer(815301076,1909f56bfc062723c751e8b465ee728b)  -> (artifact id: 'cc533cdfed222d7e8b3a86631bdb0901') in 0.002931 seconds
Number of updated asset objects reloaded before import = 0
Number of asset objects unloaded after import = 6
========================================================================
Received Import Request.
  Time since last request: 13.829238 seconds.
  path: Assets/VFX Graphs/Blood_Loop.vfx
  artifactKey: Guid(e4241a57b5d6e1946b1779308b717af8) Importer(815301076,1909f56bfc062723c751e8b465ee728b)
Start importing Assets/VFX Graphs/Blood_Loop.vfx using Guid(e4241a57b5d6e1946b1779308b717af8) Importer(815301076,1909f56bfc062723c751e8b465ee728b)  -> (artifact id: '86086d5cdfc0a1219243b4bc0bfc8164') in 0.002968 seconds
Number of updated asset objects reloaded before import = 0
Number of asset objects unloaded after import = 6
========================================================================
Received Import Request.
  Time since last request: 27.991195 seconds.
  path: Assets/VFX Graphs/Blood_Loop.vfx
  artifactKey: Guid(e4241a57b5d6e1946b1779308b717af8) Importer(815301076,1909f56bfc062723c751e8b465ee728b)
Start importing Assets/VFX Graphs/Blood_Loop.vfx using Guid(e4241a57b5d6e1946b1779308b717af8) Importer(815301076,1909f56bfc062723c751e8b465ee728b)  -> (artifact id: 'cc76b8f0c9195a1861a3e5429a6ad631') in 0.003137 seconds
Number of updated asset objects reloaded before import = 0
Number of asset objects unloaded after import = 6
========================================================================
Received Import Request.
  Time since last request: 7.532025 seconds.
  path: Assets/VFX Graphs/Blood_Loop.vfx
  artifactKey: Guid(e4241a57b5d6e1946b1779308b717af8) Importer(815301076,1909f56bfc062723c751e8b465ee728b)
Start importing Assets/VFX Graphs/Blood_Loop.vfx using Guid(e4241a57b5d6e1946b1779308b717af8) Importer(815301076,1909f56bfc062723c751e8b465ee728b)  -> (artifact id: 'ba6d9a9470036a112303cdca858b65f5') in 0.003073 seconds
Number of updated asset objects reloaded before import = 0
Number of asset objects unloaded after import = 6
========================================================================
Received Import Request.
  Time since last request: 61.785901 seconds.
  path: Assets/VFX Graphs/Blood_Loop.vfx
  artifactKey: Guid(e4241a57b5d6e1946b1779308b717af8) Importer(815301076,1909f56bfc062723c751e8b465ee728b)
Start importing Assets/VFX Graphs/Blood_Loop.vfx using Guid(e4241a57b5d6e1946b1779308b717af8) Importer(815301076,1909f56bfc062723c751e8b465ee728b)  -> (artifact id: '80a628307ccd628d71995359f4dd8191') in 0.003023 seconds
Number of updated asset objects reloaded before import = 0
Number of asset objects unloaded after import = 6
========================================================================
Received Import Request.
  Time since last request: 7.847842 seconds.
  path: Assets/VFX Graphs/Blood_Loop.vfx
  artifactKey: Guid(e4241a57b5d6e1946b1779308b717af8) Importer(815301076,1909f56bfc062723c751e8b465ee728b)
Start importing Assets/VFX Graphs/Blood_Loop.vfx using Guid(e4241a57b5d6e1946b1779308b717af8) Importer(815301076,1909f56bfc062723c751e8b465ee728b)  -> (artifact id: '8d69150cfe091992dad4801dcbc0bf95') in 0.002744 seconds
Number of updated asset objects reloaded before import = 0
Number of asset objects unloaded after import = 6
========================================================================
Received Import Request.
  Time since last request: 1.715007 seconds.
  path: Assets/VFX Graphs/Blood_Loop.vfx
  artifactKey: Guid(e4241a57b5d6e1946b1779308b717af8) Importer(815301076,1909f56bfc062723c751e8b465ee728b)
Start importing Assets/VFX Graphs/Blood_Loop.vfx using Guid(e4241a57b5d6e1946b1779308b717af8) Importer(815301076,1909f56bfc062723c751e8b465ee728b)  -> (artifact id: '0523e04cd673fa554086c9ef403b9b4c') in 0.003395 seconds
Number of updated asset objects reloaded before import = 0
Number of asset objects unloaded after import = 6
========================================================================
Received Import Request.
  Time since last request: 89.643501 seconds.
  path: Assets/VFX Graphs/Blood_Loop.vfx
  artifactKey: Guid(e4241a57b5d6e1946b1779308b717af8) Importer(815301076,1909f56bfc062723c751e8b465ee728b)
Start importing Assets/VFX Graphs/Blood_Loop.vfx using Guid(e4241a57b5d6e1946b1779308b717af8) Importer(815301076,1909f56bfc062723c751e8b465ee728b)  -> (artifact id: '34619bc5e8240a17042bb9182f21cafa') in 0.003283 seconds
Number of updated asset objects reloaded before import = 0
Number of asset objects unloaded after import = 6
========================================================================
Received Import Request.
  Time since last request: 19.972147 seconds.
  path: Assets/VFX Graphs/Blood_Loop.vfx
  artifactKey: Guid(e4241a57b5d6e1946b1779308b717af8) Importer(815301076,1909f56bfc062723c751e8b465ee728b)
Start importing Assets/VFX Graphs/Blood_Loop.vfx using Guid(e4241a57b5d6e1946b1779308b717af8) Importer(815301076,1909f56bfc062723c751e8b465ee728b)  -> (artifact id: '1b65e64f66686b57df5a28ecbfd90755') in 0.002977 seconds
Number of updated asset objects reloaded before import = 0
Number of asset objects unloaded after import = 6
========================================================================
Received Import Request.
  Time since last request: 35.044065 seconds.
  path: Assets/VFX Graphs/Blood_Loop.vfx
  artifactKey: Guid(e4241a57b5d6e1946b1779308b717af8) Importer(815301076,1909f56bfc062723c751e8b465ee728b)
Start importing Assets/VFX Graphs/Blood_Loop.vfx using Guid(e4241a57b5d6e1946b1779308b717af8) Importer(815301076,1909f56bfc062723c751e8b465ee728b)  -> (artifact id: 'efd3a03f2ee7541273dea103ed9aca0e') in 0.003182 seconds
Number of updated asset objects reloaded before import = 0
Number of asset objects unloaded after import = 6
========================================================================
Received Import Request.
  Time since last request: 40.866047 seconds.
  path: Assets/VFX Graphs/Blood_Loop.vfx
  artifactKey: Guid(e4241a57b5d6e1946b1779308b717af8) Importer(815301076,1909f56bfc062723c751e8b465ee728b)
Start importing Assets/VFX Graphs/Blood_Loop.vfx using Guid(e4241a57b5d6e1946b1779308b717af8) Importer(815301076,1909f56bfc062723c751e8b465ee728b)  -> (artifact id: '93535b34f77fdc2339288cc71b718b76') in 0.002848 seconds
Number of updated asset objects reloaded before import = 0
Number of asset objects unloaded after import = 6
========================================================================
Received Import Request.
  Time since last request: 46.732611 seconds.
  path: Assets/VFX Graphs/Blood_Loop.vfx
  artifactKey: Guid(e4241a57b5d6e1946b1779308b717af8) Importer(815301076,1909f56bfc062723c751e8b465ee728b)
Start importing Assets/VFX Graphs/Blood_Loop.vfx using Guid(e4241a57b5d6e1946b1779308b717af8) Importer(815301076,1909f56bfc062723c751e8b465ee728b)  -> (artifact id: 'dcfe850742fb130c49009b602223b66e') in 0.003194 seconds
Number of updated asset objects reloaded before import = 0
Number of asset objects unloaded after import = 6
========================================================================
Received Import Request.
  Time since last request: 1.591218 seconds.
  path: Assets/VFX Graphs/Blood_Loop.vfx
  artifactKey: Guid(e4241a57b5d6e1946b1779308b717af8) Importer(815301076,1909f56bfc062723c751e8b465ee728b)
Start importing Assets/VFX Graphs/Blood_Loop.vfx using Guid(e4241a57b5d6e1946b1779308b717af8) Importer(815301076,1909f56bfc062723c751e8b465ee728b)  -> (artifact id: 'e5ada5db50ffeed4c6943781b09ab7d0') in 0.002882 seconds
Number of updated asset objects reloaded before import = 0
Number of asset objects unloaded after import = 6
========================================================================
Received Import Request.
  Time since last request: 55.368953 seconds.
  path: Assets/VFX Graphs/Blood_Loop.vfx
  artifactKey: Guid(e4241a57b5d6e1946b1779308b717af8) Importer(815301076,1909f56bfc062723c751e8b465ee728b)
Start importing Assets/VFX Graphs/Blood_Loop.vfx using Guid(e4241a57b5d6e1946b1779308b717af8) Importer(815301076,1909f56bfc062723c751e8b465ee728b)  -> (artifact id: '4aad4d04dfb26e61ac8f44ffff42cd44') in 0.004695 seconds
Number of updated asset objects reloaded before import = 0
Number of asset objects unloaded after import = 6
========================================================================
Received Import Request.
  Time since last request: 12.723912 seconds.
  path: Assets/VFX Graphs/Blood_Loop.vfx
  artifactKey: Guid(e4241a57b5d6e1946b1779308b717af8) Importer(815301076,1909f56bfc062723c751e8b465ee728b)
Start importing Assets/VFX Graphs/Blood_Loop.vfx using Guid(e4241a57b5d6e1946b1779308b717af8) Importer(815301076,1909f56bfc062723c751e8b465ee728b)  -> (artifact id: '9234e76e4e45e02c580a874f1e45d5fa') in 0.003011 seconds
Number of updated asset objects reloaded before import = 0
Number of asset objects unloaded after import = 6
========================================================================
Received Import Request.
  Time since last request: 36.768859 seconds.
  path: Assets/Shaders
  artifactKey: Guid(5c5b927d9be94df4f885f0f6f57b71aa) Importer(815301076,1909f56bfc062723c751e8b465ee728b)
Start importing Assets/Shaders using Guid(5c5b927d9be94df4f885f0f6f57b71aa) Importer(815301076,1909f56bfc062723c751e8b465ee728b)  -> (artifact id: 'e6350d8387424248635f2f92265efedd') in 0.000769 seconds
Number of updated asset objects reloaded before import = 0
Number of asset objects unloaded after import = 0
========================================================================
Received Import Request.
  Time since last request: 22.990436 seconds.
  path: Assets/Shaders/Blood.shadergraph
  artifactKey: Guid(887af027b6588d04b9390fd152d34941) Importer(815301076,1909f56bfc062723c751e8b465ee728b)
Start importing Assets/Shaders/Blood.shadergraph using Guid(887af027b6588d04b9390fd152d34941) Importer(815301076,1909f56bfc062723c751e8b465ee728b)  -> (artifact id: '6a46bd9ffe859c0820f57fc3cc4f9ae5') in 0.002137 seconds
Number of updated asset objects reloaded before import = 0
Number of asset objects unloaded after import = 2
========================================================================
Received Import Request.
  Time since last request: 86.689569 seconds.
  path: Assets/Shaders/Blood.shadergraph
  artifactKey: Guid(887af027b6588d04b9390fd152d34941) Importer(815301076,1909f56bfc062723c751e8b465ee728b)
Start importing Assets/Shaders/Blood.shadergraph using Guid(887af027b6588d04b9390fd152d34941) Importer(815301076,1909f56bfc062723c751e8b465ee728b)  -> (artifact id: 'a8a79cf8011d2776cbba427aa77247a7') in 0.005608 seconds
Number of updated asset objects reloaded before import = 0
Number of asset objects unloaded after import = 1
========================================================================
Received Import Request.
  Time since last request: 8.905541 seconds.
  path: Assets/VFX Graphs/Blood_Loop.vfx
  artifactKey: Guid(e4241a57b5d6e1946b1779308b717af8) Importer(815301076,1909f56bfc062723c751e8b465ee728b)
Start importing Assets/VFX Graphs/Blood_Loop.vfx using Guid(e4241a57b5d6e1946b1779308b717af8) Importer(815301076,1909f56bfc062723c751e8b465ee728b)  -> (artifact id: 'c38e08c2cf892248ac5bfa21d76d6d89') in 0.003943 seconds
Number of updated asset objects reloaded before import = 0
Number of asset objects unloaded after import = 6
========================================================================
Received Import Request.
  Time since last request: 89.582788 seconds.
  path: Assets/Shaders/Blood.shadergraph
  artifactKey: Guid(887af027b6588d04b9390fd152d34941) Importer(815301076,1909f56bfc062723c751e8b465ee728b)
Start importing Assets/Shaders/Blood.shadergraph using Guid(887af027b6588d04b9390fd152d34941) Importer(815301076,1909f56bfc062723c751e8b465ee728b)  -> (artifact id: '7bee912cc9aa1a64f4a86016fd17de16') in 0.003564 seconds
Number of updated asset objects reloaded before import = 0
Number of asset objects unloaded after import = 1
========================================================================
Received Import Request.
  Time since last request: 4.618352 seconds.
  path: Assets/VFX Graphs/Blood_Loop.vfx
  artifactKey: Guid(e4241a57b5d6e1946b1779308b717af8) Importer(815301076,1909f56bfc062723c751e8b465ee728b)
Start importing Assets/VFX Graphs/Blood_Loop.vfx using Guid(e4241a57b5d6e1946b1779308b717af8) Importer(815301076,1909f56bfc062723c751e8b465ee728b)  -> (artifact id: '533df59892f7d239260eec4f22dc7bc9') in 0.003147 seconds
Number of updated asset objects reloaded before import = 0
Number of asset objects unloaded after import = 6
========================================================================
Received Import Request.
  Time since last request: 60.054936 seconds.
  path: Assets/Shaders/Blood.shadergraph
  artifactKey: Guid(887af027b6588d04b9390fd152d34941) Importer(815301076,1909f56bfc062723c751e8b465ee728b)
Start importing Assets/Shaders/Blood.shadergraph using Guid(887af027b6588d04b9390fd152d34941) Importer(815301076,1909f56bfc062723c751e8b465ee728b)  -> (artifact id: '7c037de1db6b6e60d677c211d7b81a76') in 0.002653 seconds
Number of updated asset objects reloaded before import = 0
Number of asset objects unloaded after import = 1
========================================================================
Received Import Request.
  Time since last request: 106.300050 seconds.
  path: Assets/Shaders/Blood.shadergraph
  artifactKey: Guid(887af027b6588d04b9390fd152d34941) Importer(815301076,1909f56bfc062723c751e8b465ee728b)
Start importing Assets/Shaders/Blood.shadergraph using Guid(887af027b6588d04b9390fd152d34941) Importer(815301076,1909f56bfc062723c751e8b465ee728b)  -> (artifact id: 'ec0a1dfe7af2d6349607108b55108387') in 0.002711 seconds
Number of updated asset objects reloaded before import = 0
Number of asset objects unloaded after import = 1
========================================================================
Received Import Request.
  Time since last request: 287.330508 seconds.
  path: Assets/Shaders/Blood.shadergraph
  artifactKey: Guid(887af027b6588d04b9390fd152d34941) Importer(815301076,1909f56bfc062723c751e8b465ee728b)
Start importing Assets/Shaders/Blood.shadergraph using Guid(887af027b6588d04b9390fd152d34941) Importer(815301076,1909f56bfc062723c751e8b465ee728b)  -> (artifact id: 'fb1fa45740c111d4a5808823efb11088') in 0.002442 seconds
Number of updated asset objects reloaded before import = 0
Number of asset objects unloaded after import = 1
========================================================================
Received Import Request.
  Time since last request: 103.258966 seconds.
  path: Assets/VFX Graphs/Blood_Loop.vfx
  artifactKey: Guid(e4241a57b5d6e1946b1779308b717af8) Importer(815301076,1909f56bfc062723c751e8b465ee728b)
Start importing Assets/VFX Graphs/Blood_Loop.vfx using Guid(e4241a57b5d6e1946b1779308b717af8) Importer(815301076,1909f56bfc062723c751e8b465ee728b)  -> (artifact id: '9536552c6a370ed26d382fca254dc31c') in 0.003782 seconds
Number of updated asset objects reloaded before import = 0
Number of asset objects unloaded after import = 6
========================================================================
Received Import Request.
  Time since last request: 54.296713 seconds.
  path: Assets/VFX Graphs/Blood_Loop.vfx
  artifactKey: Guid(e4241a57b5d6e1946b1779308b717af8) Importer(815301076,1909f56bfc062723c751e8b465ee728b)
Start importing Assets/VFX Graphs/Blood_Loop.vfx using Guid(e4241a57b5d6e1946b1779308b717af8) Importer(815301076,1909f56bfc062723c751e8b465ee728b)  -> (artifact id: 'fb10c4a8adf19394e7be37886dec339b') in 0.003237 seconds
Number of updated asset objects reloaded before import = 0
Number of asset objects unloaded after import = 6
========================================================================
Received Import Request.
  Time since last request: 147.585320 seconds.
  path: Assets/Shaders/Blood.shadergraph
  artifactKey: Guid(887af027b6588d04b9390fd152d34941) Importer(815301076,1909f56bfc062723c751e8b465ee728b)
Start importing Assets/Shaders/Blood.shadergraph using Guid(887af027b6588d04b9390fd152d34941) Importer(815301076,1909f56bfc062723c751e8b465ee728b)  -> (artifact id: '78e804560891c0d2604e486191658d73') in 0.002235 seconds
Number of updated asset objects reloaded before import = 0
Number of asset objects unloaded after import = 1
========================================================================
Received Import Request.
  Time since last request: 18.010538 seconds.
  path: Assets/VFX Graphs/Blood_Loop.vfx
  artifactKey: Guid(e4241a57b5d6e1946b1779308b717af8) Importer(815301076,1909f56bfc062723c751e8b465ee728b)
Start importing Assets/VFX Graphs/Blood_Loop.vfx using Guid(e4241a57b5d6e1946b1779308b717af8) Importer(815301076,1909f56bfc062723c751e8b465ee728b)  -> (artifact id: '770ab43e69d5dc05e388401504a30c74') in 0.003433 seconds
Number of updated asset objects reloaded before import = 0
Number of asset objects unloaded after import = 6
========================================================================
Received Import Request.
  Time since last request: 23.245781 seconds.
  path: Assets/VFX Graphs/Blood_Loop.vfx
  artifactKey: Guid(e4241a57b5d6e1946b1779308b717af8) Importer(815301076,1909f56bfc062723c751e8b465ee728b)
Start importing Assets/VFX Graphs/Blood_Loop.vfx using Guid(e4241a57b5d6e1946b1779308b717af8) Importer(815301076,1909f56bfc062723c751e8b465ee728b)  -> (artifact id: '92d9f469cb209cd09a4cee094f488e06') in 0.005508 seconds
Number of updated asset objects reloaded before import = 0
Number of asset objects unloaded after import = 6
========================================================================
Received Import Request.
  Time since last request: 13.518723 seconds.
  path: Assets/VFX Graphs/Blood_Loop.vfx
  artifactKey: Guid(e4241a57b5d6e1946b1779308b717af8) Importer(815301076,1909f56bfc062723c751e8b465ee728b)
Start importing Assets/VFX Graphs/Blood_Loop.vfx using Guid(e4241a57b5d6e1946b1779308b717af8) Importer(815301076,1909f56bfc062723c751e8b465ee728b)  -> (artifact id: 'd88370eb3c44b57b3ea96d030777d4b9') in 0.003393 seconds
Number of updated asset objects reloaded before import = 0
Number of asset objects unloaded after import = 6
========================================================================
Received Import Request.
  Time since last request: 3.116634 seconds.
  path: Assets/VFX Graphs/Blood_Loop.vfx
  artifactKey: Guid(e4241a57b5d6e1946b1779308b717af8) Importer(815301076,1909f56bfc062723c751e8b465ee728b)
Start importing Assets/VFX Graphs/Blood_Loop.vfx using Guid(e4241a57b5d6e1946b1779308b717af8) Importer(815301076,1909f56bfc062723c751e8b465ee728b)  -> (artifact id: 'a2f4acafe1524ff0773767e46463c8be') in 0.003121 seconds
Number of updated asset objects reloaded before import = 0
Number of asset objects unloaded after import = 6
========================================================================
Received Import Request.
  Time since last request: 43.457339 seconds.
  path: Assets/VFX Graphs/Blood_Loop.vfx
  artifactKey: Guid(e4241a57b5d6e1946b1779308b717af8) Importer(815301076,1909f56bfc062723c751e8b465ee728b)
Start importing Assets/VFX Graphs/Blood_Loop.vfx using Guid(e4241a57b5d6e1946b1779308b717af8) Importer(815301076,1909f56bfc062723c751e8b465ee728b)  -> (artifact id: 'ecf462302b1cf044b35c56dc6b25474e') in 0.003559 seconds
Number of updated asset objects reloaded before import = 0
Number of asset objects unloaded after import = 6
========================================================================
Received Import Request.
  Time since last request: 2.229711 seconds.
  path: Assets/VFX Graphs/Blood_Loop.vfx
  artifactKey: Guid(e4241a57b5d6e1946b1779308b717af8) Importer(815301076,1909f56bfc062723c751e8b465ee728b)
Start importing Assets/VFX Graphs/Blood_Loop.vfx using Guid(e4241a57b5d6e1946b1779308b717af8) Importer(815301076,1909f56bfc062723c751e8b465ee728b)  -> (artifact id: '3a85347a727607540618dcd99b61ce2f') in 0.003410 seconds
Number of updated asset objects reloaded before import = 0
Number of asset objects unloaded after import = 6
========================================================================
Received Import Request.
  Time since last request: 16.581113 seconds.
  path: Assets/VFX Graphs/Blood_Loop.vfx
  artifactKey: Guid(e4241a57b5d6e1946b1779308b717af8) Importer(815301076,1909f56bfc062723c751e8b465ee728b)
Start importing Assets/VFX Graphs/Blood_Loop.vfx using Guid(e4241a57b5d6e1946b1779308b717af8) Importer(815301076,1909f56bfc062723c751e8b465ee728b)  -> (artifact id: '4076c23b4e897a776957d4debbee9530') in 0.003203 seconds
Number of updated asset objects reloaded before import = 0
Number of asset objects unloaded after import = 6
========================================================================
Received Import Request.
  Time since last request: 9.269153 seconds.
  path: Assets/VFX Graphs/Blood_Loop.vfx
  artifactKey: Guid(e4241a57b5d6e1946b1779308b717af8) Importer(815301076,1909f56bfc062723c751e8b465ee728b)
Start importing Assets/VFX Graphs/Blood_Loop.vfx using Guid(e4241a57b5d6e1946b1779308b717af8) Importer(815301076,1909f56bfc062723c751e8b465ee728b)  -> (artifact id: '542eb94d638bcd829672325afbb1671f') in 0.003057 seconds
Number of updated asset objects reloaded before import = 0
Number of asset objects unloaded after import = 6
========================================================================
Received Import Request.
  Time since last request: 3.685144 seconds.
  path: Assets/VFX Graphs/Blood_Loop.vfx
  artifactKey: Guid(e4241a57b5d6e1946b1779308b717af8) Importer(815301076,1909f56bfc062723c751e8b465ee728b)
Start importing Assets/VFX Graphs/Blood_Loop.vfx using Guid(e4241a57b5d6e1946b1779308b717af8) Importer(815301076,1909f56bfc062723c751e8b465ee728b)  -> (artifact id: 'fd1625158d0d791d30779b570f3a0add') in 0.002812 seconds
Number of updated asset objects reloaded before import = 0
Number of asset objects unloaded after import = 6
========================================================================
Received Import Request.
  Time since last request: 82.390197 seconds.
  path: Assets/VFX Graphs/Blood_Loop.vfx
  artifactKey: Guid(e4241a57b5d6e1946b1779308b717af8) Importer(815301076,1909f56bfc062723c751e8b465ee728b)
Start importing Assets/VFX Graphs/Blood_Loop.vfx using Guid(e4241a57b5d6e1946b1779308b717af8) Importer(815301076,1909f56bfc062723c751e8b465ee728b)  -> (artifact id: 'ad4e54e0c47d2e7dd50d853873d2f8c6') in 0.005010 seconds
Number of updated asset objects reloaded before import = 0
Number of asset objects unloaded after import = 6
========================================================================
Received Import Request.
  Time since last request: 6.092847 seconds.
  path: Assets/VFX Graphs/Blood_Loop.vfx
  artifactKey: Guid(e4241a57b5d6e1946b1779308b717af8) Importer(815301076,1909f56bfc062723c751e8b465ee728b)
Start importing Assets/VFX Graphs/Blood_Loop.vfx using Guid(e4241a57b5d6e1946b1779308b717af8) Importer(815301076,1909f56bfc062723c751e8b465ee728b)  -> (artifact id: '63df4e8b678f582f09fedbb1dfe6302b') in 0.004700 seconds
Number of updated asset objects reloaded before import = 0
Number of asset objects unloaded after import = 6
========================================================================
Received Import Request.
  Time since last request: 24.252453 seconds.
  path: Assets/VFX Graphs/Blood_Loop.vfx
  artifactKey: Guid(e4241a57b5d6e1946b1779308b717af8) Importer(815301076,1909f56bfc062723c751e8b465ee728b)
Start importing Assets/VFX Graphs/Blood_Loop.vfx using Guid(e4241a57b5d6e1946b1779308b717af8) Importer(815301076,1909f56bfc062723c751e8b465ee728b)  -> (artifact id: '41e3d891c1aa9e711ba7435d1113c024') in 0.003851 seconds
Number of updated asset objects reloaded before import = 0
Number of asset objects unloaded after import = 6
========================================================================
Received Import Request.
  Time since last request: 137.560456 seconds.
  path: Assets/VFX Graphs/Blood_Loop.vfx
  artifactKey: Guid(e4241a57b5d6e1946b1779308b717af8) Importer(815301076,1909f56bfc062723c751e8b465ee728b)
Start importing Assets/VFX Graphs/Blood_Loop.vfx using Guid(e4241a57b5d6e1946b1779308b717af8) Importer(815301076,1909f56bfc062723c751e8b465ee728b)  -> (artifact id: 'cc22c33a20b0d952c541a7f0273235dc') in 0.003696 seconds
Number of updated asset objects reloaded before import = 0
Number of asset objects unloaded after import = 6
========================================================================
Received Import Request.
  Time since last request: 29.773022 seconds.
  path: Assets/VFX Graphs/Blood_Loop.vfx
  artifactKey: Guid(e4241a57b5d6e1946b1779308b717af8) Importer(815301076,1909f56bfc062723c751e8b465ee728b)
Start importing Assets/VFX Graphs/Blood_Loop.vfx using Guid(e4241a57b5d6e1946b1779308b717af8) Importer(815301076,1909f56bfc062723c751e8b465ee728b)  -> (artifact id: '56e9e9f4bab410b4987d6ea13f9b84db') in 0.002977 seconds
Number of updated asset objects reloaded before import = 0
Number of asset objects unloaded after import = 6
========================================================================
Received Import Request.
  Time since last request: 1786.927633 seconds.
  path: Assets/VFX Graphs/Blood_Loop.vfx
  artifactKey: Guid(e4241a57b5d6e1946b1779308b717af8) Importer(815301076,1909f56bfc062723c751e8b465ee728b)
Start importing Assets/VFX Graphs/Blood_Loop.vfx using Guid(e4241a57b5d6e1946b1779308b717af8) Importer(815301076,1909f56bfc062723c751e8b465ee728b)  -> (artifact id: 'b78717fc7b1da52aee252e98f9ca0a3f') in 0.004192 seconds
Number of updated asset objects reloaded before import = 0
Number of asset objects unloaded after import = 6
========================================================================
Received Import Request.
  Time since last request: 19.558204 seconds.
  path: Assets/VFX Graphs/Blood_Loop.vfx
  artifactKey: Guid(e4241a57b5d6e1946b1779308b717af8) Importer(815301076,1909f56bfc062723c751e8b465ee728b)
Start importing Assets/VFX Graphs/Blood_Loop.vfx using Guid(e4241a57b5d6e1946b1779308b717af8) Importer(815301076,1909f56bfc062723c751e8b465ee728b)  -> (artifact id: '0bb5a247ce121a75f99442e995e3c4b2') in 0.004648 seconds
Number of updated asset objects reloaded before import = 0
Number of asset objects unloaded after import = 6
========================================================================
Received Import Request.
  Time since last request: 16.073927 seconds.
  path: Assets/VFX Graphs/Blood_Loop.vfx
  artifactKey: Guid(e4241a57b5d6e1946b1779308b717af8) Importer(815301076,1909f56bfc062723c751e8b465ee728b)
Start importing Assets/VFX Graphs/Blood_Loop.vfx using Guid(e4241a57b5d6e1946b1779308b717af8) Importer(815301076,1909f56bfc062723c751e8b465ee728b)  -> (artifact id: 'ae65795f86620e80edc83ace0eb4dcf2') in 0.005070 seconds
Number of updated asset objects reloaded before import = 0
Number of asset objects unloaded after import = 12
========================================================================
Received Import Request.
  Time since last request: 19.384364 seconds.
  path: Assets/VFX Graphs/Blood_Loop.vfx
  artifactKey: Guid(e4241a57b5d6e1946b1779308b717af8) Importer(815301076,1909f56bfc062723c751e8b465ee728b)
Start importing Assets/VFX Graphs/Blood_Loop.vfx using Guid(e4241a57b5d6e1946b1779308b717af8) Importer(815301076,1909f56bfc062723c751e8b465ee728b)  -> (artifact id: '031e670bb418c10afc2da40a53772270') in 0.004185 seconds
Number of updated asset objects reloaded before import = 0
Number of asset objects unloaded after import = 10
========================================================================
Received Import Request.
  Time since last request: 31.457422 seconds.
  path: Assets/VFX Graphs/Blood_Loop.vfx
  artifactKey: Guid(e4241a57b5d6e1946b1779308b717af8) Importer(815301076,1909f56bfc062723c751e8b465ee728b)
Start importing Assets/VFX Graphs/Blood_Loop.vfx using Guid(e4241a57b5d6e1946b1779308b717af8) Importer(815301076,1909f56bfc062723c751e8b465ee728b)  -> (artifact id: 'd8e0116d1b410edb7a7680c38eb08e0c') in 0.005059 seconds
Number of updated asset objects reloaded before import = 0
Number of asset objects unloaded after import = 11
========================================================================
Received Import Request.
  Time since last request: 2.623212 seconds.
  path: Assets/VFX Graphs/Blood_Loop.vfx
  artifactKey: Guid(e4241a57b5d6e1946b1779308b717af8) Importer(815301076,1909f56bfc062723c751e8b465ee728b)
Start importing Assets/VFX Graphs/Blood_Loop.vfx using Guid(e4241a57b5d6e1946b1779308b717af8) Importer(815301076,1909f56bfc062723c751e8b465ee728b)  -> (artifact id: 'bd6e05a8f95e5a4c7befb206b6a642ef') in 0.004940 seconds
Number of updated asset objects reloaded before import = 0
Number of asset objects unloaded after import = 11
========================================================================
Received Import Request.
  Time since last request: 12.783932 seconds.
  path: Assets/VFX Graphs/Blood_Loop.vfx
  artifactKey: Guid(e4241a57b5d6e1946b1779308b717af8) Importer(815301076,1909f56bfc062723c751e8b465ee728b)
Start importing Assets/VFX Graphs/Blood_Loop.vfx using Guid(e4241a57b5d6e1946b1779308b717af8) Importer(815301076,1909f56bfc062723c751e8b465ee728b)  -> (artifact id: '224a64af7b9511d2eaa5bec2927945cf') in 0.004487 seconds
Number of updated asset objects reloaded before import = 0
Number of asset objects unloaded after import = 11
========================================================================
Received Import Request.
  Time since last request: 10.475384 seconds.
  path: Assets/VFX Graphs/Blood_Loop.vfx
  artifactKey: Guid(e4241a57b5d6e1946b1779308b717af8) Importer(815301076,1909f56bfc062723c751e8b465ee728b)
Start importing Assets/VFX Graphs/Blood_Loop.vfx using Guid(e4241a57b5d6e1946b1779308b717af8) Importer(815301076,1909f56bfc062723c751e8b465ee728b)  -> (artifact id: '55945fb292c216b0f4457c18a5396381') in 0.004310 seconds
Number of updated asset objects reloaded before import = 0
Number of asset objects unloaded after import = 11
========================================================================
Received Import Request.
  Time since last request: 4.462198 seconds.
  path: Assets/VFX Graphs/Blood_Loop.vfx
  artifactKey: Guid(e4241a57b5d6e1946b1779308b717af8) Importer(815301076,1909f56bfc062723c751e8b465ee728b)
Start importing Assets/VFX Graphs/Blood_Loop.vfx using Guid(e4241a57b5d6e1946b1779308b717af8) Importer(815301076,1909f56bfc062723c751e8b465ee728b)  -> (artifact id: '55472a9c1bed17b72f8583668c86753a') in 0.004771 seconds
Number of updated asset objects reloaded before import = 0
Number of asset objects unloaded after import = 11
========================================================================
Received Import Request.
  Time since last request: 18.961123 seconds.
  path: Assets/VFX Graphs/Blood_Loop.vfx
  artifactKey: Guid(e4241a57b5d6e1946b1779308b717af8) Importer(815301076,1909f56bfc062723c751e8b465ee728b)
Start importing Assets/VFX Graphs/Blood_Loop.vfx using Guid(e4241a57b5d6e1946b1779308b717af8) Importer(815301076,1909f56bfc062723c751e8b465ee728b)  -> (artifact id: 'c423f78abc874298800f3627fc5c0ce7') in 0.004175 seconds
Number of updated asset objects reloaded before import = 0
Number of asset objects unloaded after import = 11
========================================================================
Received Import Request.
  Time since last request: 85.610200 seconds.
  path: Assets/VFX Graphs/Blood_Loop.vfx
  artifactKey: Guid(e4241a57b5d6e1946b1779308b717af8) Importer(815301076,1909f56bfc062723c751e8b465ee728b)
Start importing Assets/VFX Graphs/Blood_Loop.vfx using Guid(e4241a57b5d6e1946b1779308b717af8) Importer(815301076,1909f56bfc062723c751e8b465ee728b)  -> (artifact id: '22c45ec6f0b8b94660222711ab32523f') in 0.004657 seconds
Number of updated asset objects reloaded before import = 0
Number of asset objects unloaded after import = 10
========================================================================
Received Import Request.
  Time since last request: 92.368982 seconds.
  path: Assets/VFX Graphs/Blood_Loop.vfx
  artifactKey: Guid(e4241a57b5d6e1946b1779308b717af8) Importer(815301076,1909f56bfc062723c751e8b465ee728b)
Start importing Assets/VFX Graphs/Blood_Loop.vfx using Guid(e4241a57b5d6e1946b1779308b717af8) Importer(815301076,1909f56bfc062723c751e8b465ee728b)  -> (artifact id: 'af5d886bde8c16491aeb5dd2895acd9b') in 0.007210 seconds
Number of updated asset objects reloaded before import = 0
Number of asset objects unloaded after import = 10
========================================================================
Received Import Request.
  Time since last request: 27.545610 seconds.
  path: Assets/VFX Graphs/Blood_Loop.vfx
  artifactKey: Guid(e4241a57b5d6e1946b1779308b717af8) Importer(815301076,1909f56bfc062723c751e8b465ee728b)
Start importing Assets/VFX Graphs/Blood_Loop.vfx using Guid(e4241a57b5d6e1946b1779308b717af8) Importer(815301076,1909f56bfc062723c751e8b465ee728b)  -> (artifact id: '8fcad3f5afcccda13255efc2b5c8d406') in 0.004005 seconds
Number of updated asset objects reloaded before import = 0
Number of asset objects unloaded after import = 10
========================================================================
Received Import Request.
  Time since last request: 46.686230 seconds.
  path: Assets/VFX Graphs/Blood_Loop.vfx
  artifactKey: Guid(e4241a57b5d6e1946b1779308b717af8) Importer(815301076,1909f56bfc062723c751e8b465ee728b)
Start importing Assets/VFX Graphs/Blood_Loop.vfx using Guid(e4241a57b5d6e1946b1779308b717af8) Importer(815301076,1909f56bfc062723c751e8b465ee728b)  -> (artifact id: 'c7131401f1a4457b1b5225ba853edb8f') in 0.006631 seconds
Number of updated asset objects reloaded before import = 0
Number of asset objects unloaded after import = 10
========================================================================
Received Import Request.
  Time since last request: 164.405462 seconds.
  path: Assets/VFX Graphs/Blood_Loop.vfx
  artifactKey: Guid(e4241a57b5d6e1946b1779308b717af8) Importer(815301076,1909f56bfc062723c751e8b465ee728b)
Start importing Assets/VFX Graphs/Blood_Loop.vfx using Guid(e4241a57b5d6e1946b1779308b717af8) Importer(815301076,1909f56bfc062723c751e8b465ee728b)  -> (artifact id: '15a73ea8f39a316626ead84838665e62') in 0.004465 seconds
Number of updated asset objects reloaded before import = 0
Number of asset objects unloaded after import = 10
========================================================================
Received Import Request.
  Time since last request: 89.229256 seconds.
  path: Assets/VFX Graphs/Blood_Loop.vfx
  artifactKey: Guid(e4241a57b5d6e1946b1779308b717af8) Importer(815301076,1909f56bfc062723c751e8b465ee728b)
Start importing Assets/VFX Graphs/Blood_Loop.vfx using Guid(e4241a57b5d6e1946b1779308b717af8) Importer(815301076,1909f56bfc062723c751e8b465ee728b)  -> (artifact id: 'b1368f99e9241e83bb59e11b66aebdb2') in 0.006206 seconds
Number of updated asset objects reloaded before import = 0
Number of asset objects unloaded after import = 10
========================================================================
Received Import Request.
  Time since last request: 146.278562 seconds.
  path: Assets/VFX Graphs/Blood_Loop.vfx
  artifactKey: Guid(e4241a57b5d6e1946b1779308b717af8) Importer(815301076,1909f56bfc062723c751e8b465ee728b)
Start importing Assets/VFX Graphs/Blood_Loop.vfx using Guid(e4241a57b5d6e1946b1779308b717af8) Importer(815301076,1909f56bfc062723c751e8b465ee728b)  -> (artifact id: '42243e272492b523477a2a4d728bf570') in 0.004849 seconds
Number of updated asset objects reloaded before import = 0
Number of asset objects unloaded after import = 10
========================================================================
Received Import Request.
  Time since last request: 9.152370 seconds.
  path: Assets/VFX Graphs/Blood_Loop.vfx
  artifactKey: Guid(e4241a57b5d6e1946b1779308b717af8) Importer(815301076,1909f56bfc062723c751e8b465ee728b)
Start importing Assets/VFX Graphs/Blood_Loop.vfx using Guid(e4241a57b5d6e1946b1779308b717af8) Importer(815301076,1909f56bfc062723c751e8b465ee728b)  -> (artifact id: '051aa118a60af3cc0c9d08aeb0469ff2') in 0.004528 seconds
Number of updated asset objects reloaded before import = 0
Number of asset objects unloaded after import = 10
========================================================================
Received Import Request.
  Time since last request: 91.010172 seconds.
  path: Assets/VFX Graphs/Blood_Loop.vfx
  artifactKey: Guid(e4241a57b5d6e1946b1779308b717af8) Importer(815301076,1909f56bfc062723c751e8b465ee728b)
Start importing Assets/VFX Graphs/Blood_Loop.vfx using Guid(e4241a57b5d6e1946b1779308b717af8) Importer(815301076,1909f56bfc062723c751e8b465ee728b)  -> (artifact id: '0c4b682a39e7650826389f8c7ca90129') in 0.004972 seconds
Number of updated asset objects reloaded before import = 0
Number of asset objects unloaded after import = 10
========================================================================
Received Import Request.
  Time since last request: 18.821564 seconds.
  path: Assets/VFX Graphs/Blood_Loop.vfx
  artifactKey: Guid(e4241a57b5d6e1946b1779308b717af8) Importer(815301076,1909f56bfc062723c751e8b465ee728b)
Start importing Assets/VFX Graphs/Blood_Loop.vfx using Guid(e4241a57b5d6e1946b1779308b717af8) Importer(815301076,1909f56bfc062723c751e8b465ee728b)  -> (artifact id: 'd59b38b2bc93c03e4cca8395ecaa5964') in 0.004958 seconds
Number of updated asset objects reloaded before import = 0
Number of asset objects unloaded after import = 10
========================================================================
Received Import Request.
  Time since last request: 8.587257 seconds.
  path: Assets/VFX Graphs/Blood_Loop.vfx
  artifactKey: Guid(e4241a57b5d6e1946b1779308b717af8) Importer(815301076,1909f56bfc062723c751e8b465ee728b)
Start importing Assets/VFX Graphs/Blood_Loop.vfx using Guid(e4241a57b5d6e1946b1779308b717af8) Importer(815301076,1909f56bfc062723c751e8b465ee728b)  -> (artifact id: 'df8217d1044935a8c702837841440881') in 0.006280 seconds
Number of updated asset objects reloaded before import = 0
Number of asset objects unloaded after import = 10
========================================================================
Received Import Request.
  Time since last request: 8.413258 seconds.
  path: Assets/VFX Graphs/Blood_Loop.vfx
  artifactKey: Guid(e4241a57b5d6e1946b1779308b717af8) Importer(815301076,1909f56bfc062723c751e8b465ee728b)
Start importing Assets/VFX Graphs/Blood_Loop.vfx using Guid(e4241a57b5d6e1946b1779308b717af8) Importer(815301076,1909f56bfc062723c751e8b465ee728b)  -> (artifact id: '08ca2a4179500aa8b8354a8788301046') in 0.007783 seconds
Number of updated asset objects reloaded before import = 0
Number of asset objects unloaded after import = 10
========================================================================
Received Import Request.
  Time since last request: 4.281546 seconds.
  path: Assets/VFX Graphs/Blood_Loop.vfx
  artifactKey: Guid(e4241a57b5d6e1946b1779308b717af8) Importer(815301076,1909f56bfc062723c751e8b465ee728b)
Start importing Assets/VFX Graphs/Blood_Loop.vfx using Guid(e4241a57b5d6e1946b1779308b717af8) Importer(815301076,1909f56bfc062723c751e8b465ee728b)  -> (artifact id: '521e0604396159e0548ec74d31ee1f9d') in 0.005226 seconds
Number of updated asset objects reloaded before import = 0
Number of asset objects unloaded after import = 10
========================================================================
Received Import Request.
  Time since last request: 24.981792 seconds.
  path: Assets/VFX Graphs/Blood_Loop.vfx
  artifactKey: Guid(e4241a57b5d6e1946b1779308b717af8) Importer(815301076,1909f56bfc062723c751e8b465ee728b)
Start importing Assets/VFX Graphs/Blood_Loop.vfx using Guid(e4241a57b5d6e1946b1779308b717af8) Importer(815301076,1909f56bfc062723c751e8b465ee728b)  -> (artifact id: 'f9f279a76aed82755b5945b3996d6301') in 0.004082 seconds
Number of updated asset objects reloaded before import = 0
Number of asset objects unloaded after import = 10
========================================================================
Received Import Request.
  Time since last request: 51.638089 seconds.
  path: Assets/VFX Graphs/Blood_Loop.vfx
  artifactKey: Guid(e4241a57b5d6e1946b1779308b717af8) Importer(815301076,1909f56bfc062723c751e8b465ee728b)
Start importing Assets/VFX Graphs/Blood_Loop.vfx using Guid(e4241a57b5d6e1946b1779308b717af8) Importer(815301076,1909f56bfc062723c751e8b465ee728b)  -> (artifact id: '23cf2d74008c9b313d816e09b8b39f87') in 0.004129 seconds
Number of updated asset objects reloaded before import = 0
Number of asset objects unloaded after import = 10
========================================================================
Received Prepare
Begin MonoManager ReloadAssembly
Symbol file LoadedFromMemory doesn't match image C:\Users\RMariani9424\My project (1)\Library\PackageCache\com.unity.visualscripting@1.8.0\Editor\VisualScripting.Core\Dependencies\YamlDotNet\Unity.VisualScripting.YamlDotNet.dll
Symbol file LoadedFromMemory doesn't match image C:\Users\RMariani9424\My project (1)\Library\PackageCache\com.unity.visualscripting@1.8.0\Editor\VisualScripting.Core\Dependencies\DotNetZip\Unity.VisualScripting.IonicZip.dll
- Loaded All Assemblies, in  1.029 seconds
Refreshing native plugins compatible for Editor in 10.58 ms, found 3 plugins.
Native extension for WindowsStandalone target not found
Native extension for WebGL target not found
[Package Manager] Server::EnsureServerProcessIsRunning -- launch failed, reason: Unity was launched with the -noUpm command-line argument
[Package Manager] UpmClient::Send -- Unable to send message (not connected to UPM process).
[Package Manager] Cannot connect to Unity Package Manager local server
Mono: successfully reloaded assembly
- Finished resetting the current domain, in 32.409 seconds
Domain Reload Profiling: 33434ms
	BeginReloadAssembly (293ms)
		ExecutionOrderSort (0ms)
		DisableScriptedObjects (10ms)
		BackupInstance (0ms)
		ReleaseScriptingObjects (0ms)
		CreateAndSetChildDomain (79ms)
	RebuildCommonClasses (47ms)
	RebuildNativeTypeToScriptingClass (14ms)
	initialDomainReloadingComplete (56ms)
	LoadAllAssembliesAndSetupDomain (615ms)
		LoadAssemblies (740ms)
		RebuildTransferFunctionScriptingTraits (0ms)
		AnalyzeDomain (24ms)
			TypeCache.Refresh (9ms)
				TypeCache.ScanAssembly (0ms)
			ScanForSourceGeneratedMonoScriptInfo (0ms)
			ResolveRequiredComponents (14ms)
	FinalizeReload (32409ms)
		ReleaseScriptCaches (0ms)
		RebuildScriptCaches (0ms)
		SetupLoadedEditorAssemblies (685ms)
			LogAssemblyErrors (0ms)
			InitializePlatformSupportModulesInManaged (10ms)
			SetLoadedEditorAssemblies (6ms)
			RefreshPlugins (0ms)
			BeforeProcessingInitializeOnLoad (98ms)
			ProcessInitializeOnLoadAttributes (475ms)
			ProcessInitializeOnLoadMethodAttributes (85ms)
			AfterProcessingInitializeOnLoad (12ms)
			EditorAssembliesLoaded (0ms)
		ExecutionOrderSort2 (0ms)
		AwakeInstancesAfterBackupRestoration (30ms)
Shader Hidden/ProbeVolume/VoxelizeScene is not supported: GPU does not support conservative rasterization
Refreshing native plugins compatible for Editor in 10.22 ms, found 3 plugins.
Preloading 0 native plugins for Editor in 0.00 ms.
Unloading 5332 Unused Serialized files (Serialized files now loaded: 0)
Unloading 40 unused Assets / (1.1 MB). Loaded Objects now: 5955.
Memory consumption went from 182.6 MB to 181.6 MB.
Total: 6.038000 ms (FindLiveObjects: 0.496200 ms CreateObjectMapping: 0.405700 ms MarkObjects: 4.826900 ms  DeleteObjects: 0.307800 ms)

Prepare: number of updated asset objects reloaded= 0
AssetImportParameters requested are different than current active one (requested -> active):
  custom:container-demuxer-ogg: 62fdf1f143b41e24485cea50d1cbac27 -> 
  custom:video-decoder-ogg-theora: a1e56fd34408186e4bbccfd4996cb3dc -> 
  custom:framework-win-MediaFoundation: 216162199b28c13a410421893ffa2e32 -> 
  custom:CustomObjectIndexerAttribute: a3ef5dd2817f97addfee359851a9dba5 -> 
  custom:container-demuxer-webm: 4f35f7cbe854078d1ac9338744f61a02 -> 
  custom:container-muxer-webm: aa71ff27fc2769a1b78a27578f13a17b -> 
  custom:video-decoder-webm-vp8: 9c59270c3fd7afecdb556c50c9e8de78 -> 
  custom:SearchIndexIgnoredProperties: e643bd26f0fe6173181afceb89e7c659 -> 
  custom:AudioImporter_EditorPlatform: d09bf68614088b80899f8185d706f6e7 -> 
  custom:video-encoder-webm-vp8: eb34c28f22e8b96e1ab97ce403110664 -> 
  custom:audio-decoder-ogg-vorbis: bf7c407c2cedff20999df2af8eb42d56 -> 
  custom:audio-encoder-webm-vorbis: bf7c407c2cedff20999df2af8eb42d56 -> 
========================================================================
Received Prepare
Begin MonoManager ReloadAssembly
Symbol file LoadedFromMemory doesn't match image C:\Users\RMariani9424\My project (1)\Library\PackageCache\com.unity.visualscripting@1.8.0\Editor\VisualScripting.Core\Dependencies\YamlDotNet\Unity.VisualScripting.YamlDotNet.dll
Symbol file LoadedFromMemory doesn't match image C:\Users\RMariani9424\My project (1)\Library\PackageCache\com.unity.visualscripting@1.8.0\Editor\VisualScripting.Core\Dependencies\DotNetZip\Unity.VisualScripting.IonicZip.dll
- Loaded All Assemblies, in  0.778 seconds
Refreshing native plugins compatible for Editor in 10.82 ms, found 3 plugins.
Native extension for WindowsStandalone target not found
Native extension for WebGL target not found
[Package Manager] Server::EnsureServerProcessIsRunning -- launch failed, reason: Unity was launched with the -noUpm command-line argument
[Package Manager] UpmClient::Send -- Unable to send message (not connected to UPM process).
[Package Manager] Cannot connect to Unity Package Manager local server
Mono: successfully reloaded assembly
- Finished resetting the current domain, in  2.730 seconds
Domain Reload Profiling: 3503ms
	BeginReloadAssembly (254ms)
		ExecutionOrderSort (0ms)
		DisableScriptedObjects (6ms)
		BackupInstance (0ms)
		ReleaseScriptingObjects (0ms)
		CreateAndSetChildDomain (52ms)
	RebuildCommonClasses (53ms)
	RebuildNativeTypeToScriptingClass (19ms)
	initialDomainReloadingComplete (50ms)
	LoadAllAssembliesAndSetupDomain (397ms)
		LoadAssemblies (523ms)
		RebuildTransferFunctionScriptingTraits (0ms)
		AnalyzeDomain (30ms)
			TypeCache.Refresh (9ms)
				TypeCache.ScanAssembly (0ms)
			ScanForSourceGeneratedMonoScriptInfo (0ms)
			ResolveRequiredComponents (19ms)
	FinalizeReload (2731ms)
		ReleaseScriptCaches (0ms)
		RebuildScriptCaches (0ms)
		SetupLoadedEditorAssemblies (738ms)
			LogAssemblyErrors (0ms)
			InitializePlatformSupportModulesInManaged (13ms)
			SetLoadedEditorAssemblies (4ms)
			RefreshPlugins (0ms)
			BeforeProcessingInitializeOnLoad (109ms)
			ProcessInitializeOnLoadAttributes (509ms)
			ProcessInitializeOnLoadMethodAttributes (90ms)
			AfterProcessingInitializeOnLoad (12ms)
			EditorAssembliesLoaded (0ms)
		ExecutionOrderSort2 (0ms)
		AwakeInstancesAfterBackupRestoration (26ms)
Shader Hidden/ProbeVolume/VoxelizeScene is not supported: GPU does not support conservative rasterization
Refreshing native plugins compatible for Editor in 10.80 ms, found 3 plugins.
Preloading 0 native plugins for Editor in 0.00 ms.
Unloading 5332 Unused Serialized files (Serialized files now loaded: 0)
Unloading 40 unused Assets / (1.1 MB). Loaded Objects now: 5959.
Memory consumption went from 182.6 MB to 181.6 MB.
Total: 6.635800 ms (FindLiveObjects: 0.792000 ms CreateObjectMapping: 0.365400 ms MarkObjects: 5.214000 ms  DeleteObjects: 0.263200 ms)

Prepare: number of updated asset objects reloaded= 0
AssetImportParameters requested are different than current active one (requested -> active):
  custom:container-demuxer-ogg: 62fdf1f143b41e24485cea50d1cbac27 -> 
  custom:video-decoder-ogg-theora: a1e56fd34408186e4bbccfd4996cb3dc -> 
  custom:framework-win-MediaFoundation: 216162199b28c13a410421893ffa2e32 -> 
  custom:CustomObjectIndexerAttribute: a3ef5dd2817f97addfee359851a9dba5 -> 
  custom:container-demuxer-webm: 4f35f7cbe854078d1ac9338744f61a02 -> 
  custom:container-muxer-webm: aa71ff27fc2769a1b78a27578f13a17b -> 
  custom:video-decoder-webm-vp8: 9c59270c3fd7afecdb556c50c9e8de78 -> 
  custom:SearchIndexIgnoredProperties: e643bd26f0fe6173181afceb89e7c659 -> 
  custom:AudioImporter_EditorPlatform: d09bf68614088b80899f8185d706f6e7 -> 
  custom:video-encoder-webm-vp8: eb34c28f22e8b96e1ab97ce403110664 -> 
  custom:audio-decoder-ogg-vorbis: bf7c407c2cedff20999df2af8eb42d56 -> 
  custom:audio-encoder-webm-vorbis: bf7c407c2cedff20999df2af8eb42d56 -> 
========================================================================
Received Import Request.
  Time since last request: 195.450165 seconds.
  path: Assets/VFX Graphs/Blood_Loop.vfx
  artifactKey: Guid(e4241a57b5d6e1946b1779308b717af8) Importer(815301076,1909f56bfc062723c751e8b465ee728b)
Start importing Assets/VFX Graphs/Blood_Loop.vfx using Guid(e4241a57b5d6e1946b1779308b717af8) Importer(815301076,1909f56bfc062723c751e8b465ee728b)  -> (artifact id: 'fe2951bc5ac0cc6f3ea6466a2dbb5dac') in 0.023390 seconds
Number of updated asset objects reloaded before import = 0
Number of asset objects unloaded after import = 10
========================================================================
Received Import Request.
  Time since last request: 11.644185 seconds.
  path: Assets/VFX Graphs/Blood_Loop.vfx
  artifactKey: Guid(e4241a57b5d6e1946b1779308b717af8) Importer(815301076,1909f56bfc062723c751e8b465ee728b)
Start importing Assets/VFX Graphs/Blood_Loop.vfx using Guid(e4241a57b5d6e1946b1779308b717af8) Importer(815301076,1909f56bfc062723c751e8b465ee728b)  -> (artifact id: '545cd254ee28316b37607285e85c716e') in 0.003860 seconds
Number of updated asset objects reloaded before import = 0
Number of asset objects unloaded after import = 10
