Using pre-set license
Built from '2022.3/staging' branch; Version is '2022.3.7f1 (b16b3b16c7a0) revision 11627323'; Using compiler version '192829333'; Build Type 'Release'
OS: 'Windows 10  (10.0.19045) 64bit ProfessionalEducation' Language: 'en' Physical Memory: 16306 MB
BatchMode: 1, IsHumanControllingUs: 0, StartBugReporterOnCrash: 0, Is64bit: 1, IsPro: 1

COMMAND LINE ARGUMENTS:
C:\Program Files\Unity\Hub\Editor\2022.3.7f1\Editor\Unity.exe
-adb2
-batchMode
-noUpm
-name
AssetImportWorker0
-projectPath
C:/Users/RMariani9424/My project (1)
-logFile
Logs/AssetImportWorker0.log
-srvPort
51552
Successfully changed project path to: C:/Users/RMariani9424/My project (1)
C:/Users/RMariani9424/My project (1)
[UnityMemory] Configuration Parameters - Can be set up in boot.config
    "memorysetup-bucket-allocator-granularity=16"
    "memorysetup-bucket-allocator-bucket-count=8"
    "memorysetup-bucket-allocator-block-size=33554432"
    "memorysetup-bucket-allocator-block-count=8"
    "memorysetup-main-allocator-block-size=16777216"
    "memorysetup-thread-allocator-block-size=16777216"
    "memorysetup-gfx-main-allocator-block-size=16777216"
    "memorysetup-gfx-thread-allocator-block-size=16777216"
    "memorysetup-cache-allocator-block-size=4194304"
    "memorysetup-typetree-allocator-block-size=2097152"
    "memorysetup-profiler-bucket-allocator-granularity=16"
    "memorysetup-profiler-bucket-allocator-bucket-count=8"
    "memorysetup-profiler-bucket-allocator-block-size=33554432"
    "memorysetup-profiler-bucket-allocator-block-count=8"
    "memorysetup-profiler-allocator-block-size=16777216"
    "memorysetup-profiler-editor-allocator-block-size=1048576"
    "memorysetup-temp-allocator-size-main=16777216"
    "memorysetup-job-temp-allocator-block-size=2097152"
    "memorysetup-job-temp-allocator-block-size-background=1048576"
    "memorysetup-job-temp-allocator-reduction-small-platforms=262144"
    "memorysetup-allocator-temp-initial-block-size-main=262144"
    "memorysetup-allocator-temp-initial-block-size-worker=262144"
    "memorysetup-temp-allocator-size-background-worker=32768"
    "memorysetup-temp-allocator-size-job-worker=262144"
    "memorysetup-temp-allocator-size-preload-manager=33554432"
    "memorysetup-temp-allocator-size-nav-mesh-worker=65536"
    "memorysetup-temp-allocator-size-audio-worker=65536"
    "memorysetup-temp-allocator-size-cloud-worker=32768"
    "memorysetup-temp-allocator-size-gi-baking-worker=262144"
    "memorysetup-temp-allocator-size-gfx=262144"
Player connection [9844] Host "[IP] 10.111.2.48 [Port] 0 [Flags] 2 [Guid] 3321739220 [EditorId] 3321739220 [Version] 1048832 [Id] WindowsEditor(7,WIL119-27) [Debug] 1 [PackageName] WindowsEditor [ProjectName] Editor" joined multi-casting on [225.0.0.222:54997]...

Player connection [9844] Host "[IP] 10.111.2.48 [Port] 0 [Flags] 2 [Guid] 3321739220 [EditorId] 3321739220 [Version] 1048832 [Id] WindowsEditor(7,WIL119-27) [Debug] 1 [PackageName] WindowsEditor [ProjectName] Editor" joined alternative multi-casting on [225.0.0.222:34997]...

Refreshing native plugins compatible for Editor in 22.67 ms, found 3 plugins.
Preloading 0 native plugins for Editor in 0.00 ms.
Initialize engine version: 2022.3.7f1 (b16b3b16c7a0)
[Subsystems] Discovering subsystems at path C:/Program Files/Unity/Hub/Editor/2022.3.7f1/Editor/Data/Resources/UnitySubsystems
[Subsystems] Discovering subsystems at path C:/Users/RMariani9424/My project (1)/Assets
GfxDevice: creating device client; threaded=0; jobified=0
Direct3D:
    Version:  Direct3D 11.0 [level 11.1]
    Renderer: AMD FirePro W5100 Graphics Adapter (ID=0x6649)
    Vendor:   ATI
    VRAM:     4073 MB
    Driver:   22.19.161.0
Shader Hidden/ProbeVolume/VoxelizeScene is not supported: GPU does not support conservative rasterization
Initialize mono
Mono path[0] = 'C:/Program Files/Unity/Hub/Editor/2022.3.7f1/Editor/Data/Managed'
Mono path[1] = 'C:/Program Files/Unity/Hub/Editor/2022.3.7f1/Editor/Data/MonoBleedingEdge/lib/mono/unityjit-win32'
Mono config path = 'C:/Program Files/Unity/Hub/Editor/2022.3.7f1/Editor/Data/MonoBleedingEdge/etc'
Using monoOptions --debugger-agent=transport=dt_socket,embedding=1,server=y,suspend=n,address=127.0.0.1:56796
Begin MonoManager ReloadAssembly
Registering precompiled unity dll's ...
Register platform support module: C:/Program Files/Unity/Hub/Editor/2022.3.7f1/Editor/Data/PlaybackEngines/WebGLSupport/UnityEditor.WebGL.Extensions.dll
Register platform support module: C:/Program Files/Unity/Hub/Editor/2022.3.7f1/Editor/Data/PlaybackEngines/WindowsStandaloneSupport/UnityEditor.WindowsStandalone.Extensions.dll
Registered in 0.020235 seconds.
- Loaded All Assemblies, in  0.561 seconds
Native extension for WindowsStandalone target not found
Native extension for WebGL target not found
Mono: successfully reloaded assembly
- Finished resetting the current domain, in  0.351 seconds
Domain Reload Profiling: 910ms
	BeginReloadAssembly (198ms)
		ExecutionOrderSort (0ms)
		DisableScriptedObjects (0ms)
		BackupInstance (0ms)
		ReleaseScriptingObjects (0ms)
		CreateAndSetChildDomain (1ms)
	RebuildCommonClasses (51ms)
	RebuildNativeTypeToScriptingClass (21ms)
	initialDomainReloadingComplete (96ms)
	LoadAllAssembliesAndSetupDomain (192ms)
		LoadAssemblies (197ms)
		RebuildTransferFunctionScriptingTraits (0ms)
		AnalyzeDomain (188ms)
			TypeCache.Refresh (187ms)
				TypeCache.ScanAssembly (169ms)
			ScanForSourceGeneratedMonoScriptInfo (0ms)
			ResolveRequiredComponents (1ms)
	FinalizeReload (352ms)
		ReleaseScriptCaches (0ms)
		RebuildScriptCaches (0ms)
		SetupLoadedEditorAssemblies (271ms)
			LogAssemblyErrors (0ms)
			InitializePlatformSupportModulesInManaged (19ms)
			SetLoadedEditorAssemblies (7ms)
			RefreshPlugins (0ms)
			BeforeProcessingInitializeOnLoad (3ms)
			ProcessInitializeOnLoadAttributes (177ms)
			ProcessInitializeOnLoadMethodAttributes (65ms)
			AfterProcessingInitializeOnLoad (0ms)
			EditorAssembliesLoaded (0ms)
		ExecutionOrderSort2 (0ms)
		AwakeInstancesAfterBackupRestoration (0ms)
========================================================================
Worker process is ready to serve import requests
Begin MonoManager ReloadAssembly
Symbol file LoadedFromMemory doesn't match image C:\Users\RMariani9424\My project (1)\Library\PackageCache\com.unity.visualscripting@1.8.0\Editor\VisualScripting.Core\Dependencies\YamlDotNet\Unity.VisualScripting.YamlDotNet.dll
Symbol file LoadedFromMemory doesn't match image C:\Users\RMariani9424\My project (1)\Library\PackageCache\com.unity.visualscripting@1.8.0\Editor\VisualScripting.Core\Dependencies\DotNetZip\Unity.VisualScripting.IonicZip.dll
- Loaded All Assemblies, in  1.047 seconds
Refreshing native plugins compatible for Editor in 10.58 ms, found 3 plugins.
Native extension for WindowsStandalone target not found
Native extension for WebGL target not found
Package Manager log level set to [2]
[Package Manager] Server::EnsureServerProcessIsRunning -- launch failed, reason: Unity was launched with the -noUpm command-line argument
[Package Manager] UpmClient::Send -- Unable to send message (not connected to UPM process).
[Package Manager] Cannot connect to Unity Package Manager local server
Mono: successfully reloaded assembly
- Finished resetting the current domain, in  1.280 seconds
Domain Reload Profiling: 2323ms
	BeginReloadAssembly (231ms)
		ExecutionOrderSort (0ms)
		DisableScriptedObjects (8ms)
		BackupInstance (0ms)
		ReleaseScriptingObjects (0ms)
		CreateAndSetChildDomain (28ms)
	RebuildCommonClasses (45ms)
	RebuildNativeTypeToScriptingClass (16ms)
	initialDomainReloadingComplete (64ms)
	LoadAllAssembliesAndSetupDomain (685ms)
		LoadAssemblies (529ms)
		RebuildTransferFunctionScriptingTraits (0ms)
		AnalyzeDomain (299ms)
			TypeCache.Refresh (249ms)
				TypeCache.ScanAssembly (228ms)
			ScanForSourceGeneratedMonoScriptInfo (31ms)
			ResolveRequiredComponents (17ms)
	FinalizeReload (1281ms)
		ReleaseScriptCaches (0ms)
		RebuildScriptCaches (0ms)
		SetupLoadedEditorAssemblies (1019ms)
			LogAssemblyErrors (0ms)
			InitializePlatformSupportModulesInManaged (11ms)
			SetLoadedEditorAssemblies (4ms)
			RefreshPlugins (0ms)
			BeforeProcessingInitializeOnLoad (129ms)
			ProcessInitializeOnLoadAttributes (737ms)
			ProcessInitializeOnLoadMethodAttributes (122ms)
			AfterProcessingInitializeOnLoad (15ms)
			EditorAssembliesLoaded (0ms)
		ExecutionOrderSort2 (0ms)
		AwakeInstancesAfterBackupRestoration (11ms)
Shader Hidden/ProbeVolume/VoxelizeScene is not supported: GPU does not support conservative rasterization
Launched and connected shader compiler UnityShaderCompiler.exe after 0.09 seconds
Refreshing native plugins compatible for Editor in 12.06 ms, found 3 plugins.
Preloading 0 native plugins for Editor in 0.00 ms.
Unloading 5496 Unused Serialized files (Serialized files now loaded: 0)
Unloading 65 unused Assets / (1.1 MB). Loaded Objects now: 5954.
Memory consumption went from 212.0 MB to 210.9 MB.
Total: 11.807400 ms (FindLiveObjects: 1.197200 ms CreateObjectMapping: 2.233000 ms MarkObjects: 7.834600 ms  DeleteObjects: 0.540700 ms)

AssetImportParameters requested are different than current active one (requested -> active):
  custom:container-demuxer-ogg: 62fdf1f143b41e24485cea50d1cbac27 -> 
  custom:video-decoder-ogg-theora: a1e56fd34408186e4bbccfd4996cb3dc -> 
  custom:framework-win-MediaFoundation: 216162199b28c13a410421893ffa2e32 -> 
  custom:CustomObjectIndexerAttribute: a3ef5dd2817f97addfee359851a9dba5 -> 
  custom:container-demuxer-webm: 4f35f7cbe854078d1ac9338744f61a02 -> 
  custom:container-muxer-webm: aa71ff27fc2769a1b78a27578f13a17b -> 
  custom:video-decoder-webm-vp8: 9c59270c3fd7afecdb556c50c9e8de78 -> 
  custom:SearchIndexIgnoredProperties: e643bd26f0fe6173181afceb89e7c659 -> 
  custom:AudioImporter_EditorPlatform: d09bf68614088b80899f8185d706f6e7 -> 
  custom:video-encoder-webm-vp8: eb34c28f22e8b96e1ab97ce403110664 -> 
  custom:audio-decoder-ogg-vorbis: bf7c407c2cedff20999df2af8eb42d56 -> 
  custom:audio-encoder-webm-vorbis: bf7c407c2cedff20999df2af8eb42d56 -> 
========================================================================
Received Import Request.
  Time since last request: 2594.300667 seconds.
  path: Assets/VFX Graphs/Blood_Loop.vfx
  artifactKey: Guid(e4241a57b5d6e1946b1779308b717af8) Importer(815301076,1909f56bfc062723c751e8b465ee728b)
Start importing Assets/VFX Graphs/Blood_Loop.vfx using Guid(e4241a57b5d6e1946b1779308b717af8) Importer(815301076,1909f56bfc062723c751e8b465ee728b)  -> (artifact id: 'd8eef73359ad310b022cf0c83a60daa9') in 0.018815 seconds
Number of updated asset objects reloaded before import = 0
Number of asset objects unloaded after import = 8
========================================================================
Received Import Request.
  Time since last request: 31.423631 seconds.
  path: Assets/VFX Graphs/Blood_Loop.vfx
  artifactKey: Guid(e4241a57b5d6e1946b1779308b717af8) Importer(815301076,1909f56bfc062723c751e8b465ee728b)
Start importing Assets/VFX Graphs/Blood_Loop.vfx using Guid(e4241a57b5d6e1946b1779308b717af8) Importer(815301076,1909f56bfc062723c751e8b465ee728b)  -> (artifact id: '4bb5917925ee093b26e0c450b9e88c4d') in 0.002479 seconds
Number of updated asset objects reloaded before import = 2
Number of asset objects unloaded after import = 8
========================================================================
Received Import Request.
  Time since last request: 10.105246 seconds.
  path: Assets/VFX Graphs/Blood_Loop.vfx
  artifactKey: Guid(e4241a57b5d6e1946b1779308b717af8) Importer(815301076,1909f56bfc062723c751e8b465ee728b)
Start importing Assets/VFX Graphs/Blood_Loop.vfx using Guid(e4241a57b5d6e1946b1779308b717af8) Importer(815301076,1909f56bfc062723c751e8b465ee728b)  -> (artifact id: '25888d6a3d74a45d4983feba796640bd') in 0.002232 seconds
Number of updated asset objects reloaded before import = 2
Number of asset objects unloaded after import = 8
========================================================================
Received Import Request.
  Time since last request: 23.408379 seconds.
  path: Assets/VFX Graphs/Blood_Loop.vfx
  artifactKey: Guid(e4241a57b5d6e1946b1779308b717af8) Importer(815301076,1909f56bfc062723c751e8b465ee728b)
Start importing Assets/VFX Graphs/Blood_Loop.vfx using Guid(e4241a57b5d6e1946b1779308b717af8) Importer(815301076,1909f56bfc062723c751e8b465ee728b)  -> (artifact id: '190e588d6a9be64d1e46cadf807b8ca1') in 0.002620 seconds
Number of updated asset objects reloaded before import = 2
Number of asset objects unloaded after import = 8
========================================================================
Received Import Request.
  Time since last request: 41.270950 seconds.
  path: Assets/VFX Graphs/Blood_Loop.vfx
  artifactKey: Guid(e4241a57b5d6e1946b1779308b717af8) Importer(815301076,1909f56bfc062723c751e8b465ee728b)
Start importing Assets/VFX Graphs/Blood_Loop.vfx using Guid(e4241a57b5d6e1946b1779308b717af8) Importer(815301076,1909f56bfc062723c751e8b465ee728b)  -> (artifact id: '74f3e1de8f9e3bfa4149ed8005b2db03') in 0.002434 seconds
Number of updated asset objects reloaded before import = 2
Number of asset objects unloaded after import = 8
========================================================================
Received Import Request.
  Time since last request: 37.610954 seconds.
  path: Assets/VFX Graphs/Blood_Loop.vfx
  artifactKey: Guid(e4241a57b5d6e1946b1779308b717af8) Importer(815301076,1909f56bfc062723c751e8b465ee728b)
Start importing Assets/VFX Graphs/Blood_Loop.vfx using Guid(e4241a57b5d6e1946b1779308b717af8) Importer(815301076,1909f56bfc062723c751e8b465ee728b)  -> (artifact id: '24d94ff13c926c318234222a12cb92c0') in 0.002301 seconds
Number of updated asset objects reloaded before import = 2
Number of asset objects unloaded after import = 8
========================================================================
Received Import Request.
  Time since last request: 177.416084 seconds.
  path: Assets/VFX Graphs/Blood_Loop.vfx
  artifactKey: Guid(e4241a57b5d6e1946b1779308b717af8) Importer(815301076,1909f56bfc062723c751e8b465ee728b)
Start importing Assets/VFX Graphs/Blood_Loop.vfx using Guid(e4241a57b5d6e1946b1779308b717af8) Importer(815301076,1909f56bfc062723c751e8b465ee728b)  -> (artifact id: '6c60d9fe3403b4262b9ec52cf3a139dd') in 0.003599 seconds
Number of updated asset objects reloaded before import = 2
Number of asset objects unloaded after import = 8
========================================================================
Received Import Request.
  Time since last request: 145.919234 seconds.
  path: Assets/VFX Graphs/Blood_Loop.vfx
  artifactKey: Guid(e4241a57b5d6e1946b1779308b717af8) Importer(815301076,1909f56bfc062723c751e8b465ee728b)
Start importing Assets/VFX Graphs/Blood_Loop.vfx using Guid(e4241a57b5d6e1946b1779308b717af8) Importer(815301076,1909f56bfc062723c751e8b465ee728b)  -> (artifact id: '535ace8cd648961b0258ee2b536c5e57') in 0.002863 seconds
Number of updated asset objects reloaded before import = 2
Number of asset objects unloaded after import = 8
========================================================================
Received Import Request.
  Time since last request: 5.009423 seconds.
  path: Assets/VFX Graphs/Blood_Loop.vfx
  artifactKey: Guid(e4241a57b5d6e1946b1779308b717af8) Importer(815301076,1909f56bfc062723c751e8b465ee728b)
Start importing Assets/VFX Graphs/Blood_Loop.vfx using Guid(e4241a57b5d6e1946b1779308b717af8) Importer(815301076,1909f56bfc062723c751e8b465ee728b)  -> (artifact id: '73f6216497ca889030c52a17c1a496c9') in 0.002496 seconds
Number of updated asset objects reloaded before import = 2
Number of asset objects unloaded after import = 8
========================================================================
Received Import Request.
  Time since last request: 62.794833 seconds.
  path: Assets/VFX Graphs/Blood_Loop.vfx
  artifactKey: Guid(e4241a57b5d6e1946b1779308b717af8) Importer(815301076,1909f56bfc062723c751e8b465ee728b)
Start importing Assets/VFX Graphs/Blood_Loop.vfx using Guid(e4241a57b5d6e1946b1779308b717af8) Importer(815301076,1909f56bfc062723c751e8b465ee728b)  -> (artifact id: 'dfddd90943f8bad273848ee81da0fedc') in 0.003399 seconds
Number of updated asset objects reloaded before import = 2
Number of asset objects unloaded after import = 8
========================================================================
Received Import Request.
  Time since last request: 4.861182 seconds.
  path: Assets/VFX Graphs/Blood_Loop.vfx
  artifactKey: Guid(e4241a57b5d6e1946b1779308b717af8) Importer(815301076,1909f56bfc062723c751e8b465ee728b)
Start importing Assets/VFX Graphs/Blood_Loop.vfx using Guid(e4241a57b5d6e1946b1779308b717af8) Importer(815301076,1909f56bfc062723c751e8b465ee728b)  -> (artifact id: '90fbb88543ccba54cd85b78d99865fb1') in 0.002336 seconds
Number of updated asset objects reloaded before import = 2
Number of asset objects unloaded after import = 8
========================================================================
Received Import Request.
  Time since last request: 169.608092 seconds.
  path: Assets/VFX Graphs/Blood_Loop.vfx
  artifactKey: Guid(e4241a57b5d6e1946b1779308b717af8) Importer(815301076,1909f56bfc062723c751e8b465ee728b)
Start importing Assets/VFX Graphs/Blood_Loop.vfx using Guid(e4241a57b5d6e1946b1779308b717af8) Importer(815301076,1909f56bfc062723c751e8b465ee728b)  -> (artifact id: '76872756def5383221a87af7bd1226b6') in 0.002956 seconds
Number of updated asset objects reloaded before import = 2
Number of asset objects unloaded after import = 8
========================================================================
Received Import Request.
  Time since last request: 2.127694 seconds.
  path: Assets/VFX Graphs/Blood_Loop.vfx
  artifactKey: Guid(e4241a57b5d6e1946b1779308b717af8) Importer(815301076,1909f56bfc062723c751e8b465ee728b)
Start importing Assets/VFX Graphs/Blood_Loop.vfx using Guid(e4241a57b5d6e1946b1779308b717af8) Importer(815301076,1909f56bfc062723c751e8b465ee728b)  -> (artifact id: '337ac1aed99aca21c14cf7112f2455f6') in 0.002471 seconds
Number of updated asset objects reloaded before import = 2
Number of asset objects unloaded after import = 8
========================================================================
Received Prepare
Begin MonoManager ReloadAssembly
Symbol file LoadedFromMemory doesn't match image C:\Users\RMariani9424\My project (1)\Library\PackageCache\com.unity.visualscripting@1.8.0\Editor\VisualScripting.Core\Dependencies\YamlDotNet\Unity.VisualScripting.YamlDotNet.dll
Symbol file LoadedFromMemory doesn't match image C:\Users\RMariani9424\My project (1)\Library\PackageCache\com.unity.visualscripting@1.8.0\Editor\VisualScripting.Core\Dependencies\DotNetZip\Unity.VisualScripting.IonicZip.dll
- Loaded All Assemblies, in  0.711 seconds
Refreshing native plugins compatible for Editor in 8.95 ms, found 3 plugins.
Native extension for WindowsStandalone target not found
Native extension for WebGL target not found
[Package Manager] Server::EnsureServerProcessIsRunning -- launch failed, reason: Unity was launched with the -noUpm command-line argument
[Package Manager] UpmClient::Send -- Unable to send message (not connected to UPM process).
[Package Manager] Cannot connect to Unity Package Manager local server
Mono: successfully reloaded assembly
- Finished resetting the current domain, in  2.415 seconds
Domain Reload Profiling: 3122ms
	BeginReloadAssembly (228ms)
		ExecutionOrderSort (0ms)
		DisableScriptedObjects (5ms)
		BackupInstance (0ms)
		ReleaseScriptingObjects (0ms)
		CreateAndSetChildDomain (44ms)
	RebuildCommonClasses (44ms)
	RebuildNativeTypeToScriptingClass (18ms)
	initialDomainReloadingComplete (51ms)
	LoadAllAssembliesAndSetupDomain (367ms)
		LoadAssemblies (482ms)
		RebuildTransferFunctionScriptingTraits (0ms)
		AnalyzeDomain (25ms)
			TypeCache.Refresh (7ms)
				TypeCache.ScanAssembly (0ms)
			ScanForSourceGeneratedMonoScriptInfo (0ms)
			ResolveRequiredComponents (16ms)
	FinalizeReload (2416ms)
		ReleaseScriptCaches (0ms)
		RebuildScriptCaches (0ms)
		SetupLoadedEditorAssemblies (651ms)
			LogAssemblyErrors (0ms)
			InitializePlatformSupportModulesInManaged (10ms)
			SetLoadedEditorAssemblies (4ms)
			RefreshPlugins (0ms)
			BeforeProcessingInitializeOnLoad (94ms)
			ProcessInitializeOnLoadAttributes (448ms)
			ProcessInitializeOnLoadMethodAttributes (84ms)
			AfterProcessingInitializeOnLoad (11ms)
			EditorAssembliesLoaded (0ms)
		ExecutionOrderSort2 (0ms)
		AwakeInstancesAfterBackupRestoration (20ms)
Shader Hidden/ProbeVolume/VoxelizeScene is not supported: GPU does not support conservative rasterization
Refreshing native plugins compatible for Editor in 9.88 ms, found 3 plugins.
Preloading 0 native plugins for Editor in 0.00 ms.
Unloading 5332 Unused Serialized files (Serialized files now loaded: 0)
Unloading 40 unused Assets / (1.1 MB). Loaded Objects now: 5959.
Memory consumption went from 183.5 MB to 182.5 MB.
Total: 5.947100 ms (FindLiveObjects: 0.490100 ms CreateObjectMapping: 0.328900 ms MarkObjects: 4.808200 ms  DeleteObjects: 0.318600 ms)

Prepare: number of updated asset objects reloaded= 0
AssetImportParameters requested are different than current active one (requested -> active):
  custom:container-demuxer-ogg: 62fdf1f143b41e24485cea50d1cbac27 -> 
  custom:video-decoder-ogg-theora: a1e56fd34408186e4bbccfd4996cb3dc -> 
  custom:framework-win-MediaFoundation: 216162199b28c13a410421893ffa2e32 -> 
  custom:CustomObjectIndexerAttribute: a3ef5dd2817f97addfee359851a9dba5 -> 
  custom:container-demuxer-webm: 4f35f7cbe854078d1ac9338744f61a02 -> 
  custom:container-muxer-webm: aa71ff27fc2769a1b78a27578f13a17b -> 
  custom:video-decoder-webm-vp8: 9c59270c3fd7afecdb556c50c9e8de78 -> 
  custom:SearchIndexIgnoredProperties: e643bd26f0fe6173181afceb89e7c659 -> 
  custom:AudioImporter_EditorPlatform: d09bf68614088b80899f8185d706f6e7 -> 
  custom:video-encoder-webm-vp8: eb34c28f22e8b96e1ab97ce403110664 -> 
  custom:audio-decoder-ogg-vorbis: bf7c407c2cedff20999df2af8eb42d56 -> 
  custom:audio-encoder-webm-vorbis: bf7c407c2cedff20999df2af8eb42d56 -> 
========================================================================
Received Import Request.
  Time since last request: 194.457614 seconds.
  path: Assets/VFX Graphs/Blood_Loop.vfx
  artifactKey: Guid(e4241a57b5d6e1946b1779308b717af8) Importer(815301076,1909f56bfc062723c751e8b465ee728b)
Start importing Assets/VFX Graphs/Blood_Loop.vfx using Guid(e4241a57b5d6e1946b1779308b717af8) Importer(815301076,1909f56bfc062723c751e8b465ee728b)  -> (artifact id: 'f675dfb69fe6c426c786ce24aa61e99d') in 0.005083 seconds
Number of updated asset objects reloaded before import = 2
Number of asset objects unloaded after import = 8
========================================================================
Received Import Request.
  Time since last request: 111.948053 seconds.
  path: Assets/VFX Graphs/Blood_Loop.vfx
  artifactKey: Guid(e4241a57b5d6e1946b1779308b717af8) Importer(815301076,1909f56bfc062723c751e8b465ee728b)
Start importing Assets/VFX Graphs/Blood_Loop.vfx using Guid(e4241a57b5d6e1946b1779308b717af8) Importer(815301076,1909f56bfc062723c751e8b465ee728b)  -> (artifact id: 'df7d2a261548441714a229ad121e421e') in 0.002058 seconds
Number of updated asset objects reloaded before import = 2
Number of asset objects unloaded after import = 5
========================================================================
Received Import Request.
  Time since last request: 74.263188 seconds.
  path: Assets/VFX Graphs/Blood_Loop.vfx
  artifactKey: Guid(e4241a57b5d6e1946b1779308b717af8) Importer(815301076,1909f56bfc062723c751e8b465ee728b)
Start importing Assets/VFX Graphs/Blood_Loop.vfx using Guid(e4241a57b5d6e1946b1779308b717af8) Importer(815301076,1909f56bfc062723c751e8b465ee728b)  -> (artifact id: 'e720a1719b4dc2413262efe05f257b2a') in 0.003144 seconds
Number of updated asset objects reloaded before import = 1
Number of asset objects unloaded after import = 11
========================================================================
Received Import Request.
  Time since last request: 6.332914 seconds.
  path: Assets/VFX Graphs/Blood_Loop.vfx
  artifactKey: Guid(e4241a57b5d6e1946b1779308b717af8) Importer(815301076,1909f56bfc062723c751e8b465ee728b)
Start importing Assets/VFX Graphs/Blood_Loop.vfx using Guid(e4241a57b5d6e1946b1779308b717af8) Importer(815301076,1909f56bfc062723c751e8b465ee728b)  -> (artifact id: '8a4352e5b8761a6097011b7c8f10d35d') in 0.002525 seconds
Number of updated asset objects reloaded before import = 1
Number of asset objects unloaded after import = 9
========================================================================
Received Import Request.
  Time since last request: 47.377434 seconds.
  path: Assets/VFX Graphs/Blood_Loop.vfx
  artifactKey: Guid(e4241a57b5d6e1946b1779308b717af8) Importer(815301076,1909f56bfc062723c751e8b465ee728b)
Start importing Assets/VFX Graphs/Blood_Loop.vfx using Guid(e4241a57b5d6e1946b1779308b717af8) Importer(815301076,1909f56bfc062723c751e8b465ee728b)  -> (artifact id: '974eddc30eb127a25ff0d6ad50c2c6c5') in 0.003198 seconds
Number of updated asset objects reloaded before import = 1
Number of asset objects unloaded after import = 10
========================================================================
Received Import Request.
  Time since last request: 795.237002 seconds.
  path: Assets/VFX Graphs/Blood_Loop.vfx
  artifactKey: Guid(e4241a57b5d6e1946b1779308b717af8) Importer(815301076,1909f56bfc062723c751e8b465ee728b)
Start importing Assets/VFX Graphs/Blood_Loop.vfx using Guid(e4241a57b5d6e1946b1779308b717af8) Importer(815301076,1909f56bfc062723c751e8b465ee728b)  -> (artifact id: '0e4c5d268e63edc78dbd2033409fd301') in 0.003678 seconds
Number of updated asset objects reloaded before import = 1
Number of asset objects unloaded after import = 10
========================================================================
Received Import Request.
  Time since last request: 60.686606 seconds.
  path: Assets/VFX Graphs/Blood_Loop.vfx
  artifactKey: Guid(e4241a57b5d6e1946b1779308b717af8) Importer(815301076,1909f56bfc062723c751e8b465ee728b)
Start importing Assets/VFX Graphs/Blood_Loop.vfx using Guid(e4241a57b5d6e1946b1779308b717af8) Importer(815301076,1909f56bfc062723c751e8b465ee728b)  -> (artifact id: 'd30703b2e18747e33f2020e20a666df0') in 0.004731 seconds
Number of updated asset objects reloaded before import = 1
Number of asset objects unloaded after import = 10
========================================================================
Received Import Request.
  Time since last request: 35.131689 seconds.
  path: Assets/VFX Graphs/Blood_Loop.vfx
  artifactKey: Guid(e4241a57b5d6e1946b1779308b717af8) Importer(815301076,1909f56bfc062723c751e8b465ee728b)
Start importing Assets/VFX Graphs/Blood_Loop.vfx using Guid(e4241a57b5d6e1946b1779308b717af8) Importer(815301076,1909f56bfc062723c751e8b465ee728b)  -> (artifact id: '44c5e395d5978d91533406cb8b59b72d') in 0.002880 seconds
Number of updated asset objects reloaded before import = 1
Number of asset objects unloaded after import = 10
========================================================================
Received Import Request.
  Time since last request: 12.199749 seconds.
  path: Assets/VFX Graphs/Blood_Loop.vfx
  artifactKey: Guid(e4241a57b5d6e1946b1779308b717af8) Importer(815301076,1909f56bfc062723c751e8b465ee728b)
Start importing Assets/VFX Graphs/Blood_Loop.vfx using Guid(e4241a57b5d6e1946b1779308b717af8) Importer(815301076,1909f56bfc062723c751e8b465ee728b)  -> (artifact id: '358282d9236fa0056ab8d2a02f151890') in 0.005946 seconds
Number of updated asset objects reloaded before import = 1
Number of asset objects unloaded after import = 10
========================================================================
Received Import Request.
  Time since last request: 28.852722 seconds.
  path: Assets/VFX Graphs/Blood_Loop.vfx
  artifactKey: Guid(e4241a57b5d6e1946b1779308b717af8) Importer(815301076,1909f56bfc062723c751e8b465ee728b)
Start importing Assets/VFX Graphs/Blood_Loop.vfx using Guid(e4241a57b5d6e1946b1779308b717af8) Importer(815301076,1909f56bfc062723c751e8b465ee728b)  -> (artifact id: 'f31258fc4db2d40709567a32bdbd6e35') in 0.002889 seconds
Number of updated asset objects reloaded before import = 1
Number of asset objects unloaded after import = 10
========================================================================
Received Import Request.
  Time since last request: 67.465160 seconds.
  path: Assets/VFX Graphs/Blood_Loop.vfx
  artifactKey: Guid(e4241a57b5d6e1946b1779308b717af8) Importer(815301076,1909f56bfc062723c751e8b465ee728b)
Start importing Assets/VFX Graphs/Blood_Loop.vfx using Guid(e4241a57b5d6e1946b1779308b717af8) Importer(815301076,1909f56bfc062723c751e8b465ee728b)  -> (artifact id: '9ad4920b3caddca8c92387cff3a818e2') in 0.002894 seconds
Number of updated asset objects reloaded before import = 1
Number of asset objects unloaded after import = 10
========================================================================
Received Import Request.
  Time since last request: 1258.574325 seconds.
  path: Assets/VFX Graphs/Blood_Loop.vfx
  artifactKey: Guid(e4241a57b5d6e1946b1779308b717af8) Importer(815301076,1909f56bfc062723c751e8b465ee728b)
Start importing Assets/VFX Graphs/Blood_Loop.vfx using Guid(e4241a57b5d6e1946b1779308b717af8) Importer(815301076,1909f56bfc062723c751e8b465ee728b)  -> (artifact id: 'a0e1f006dd522904f73a5e1ce4ad4920') in 0.003126 seconds
Number of updated asset objects reloaded before import = 1
Number of asset objects unloaded after import = 10
========================================================================
Received Import Request.
  Time since last request: 284.809179 seconds.
  path: Assets/Scenes
  artifactKey: Guid(8ee35977bc2a96b4f8cf338ee42a63f5) Importer(815301076,1909f56bfc062723c751e8b465ee728b)
Start importing Assets/Scenes using Guid(8ee35977bc2a96b4f8cf338ee42a63f5) Importer(815301076,1909f56bfc062723c751e8b465ee728b)  -> (artifact id: 'cf99ec02c08b19feff7332b7e4f25a0d') in 0.000718 seconds
Number of updated asset objects reloaded before import = 0
Number of asset objects unloaded after import = 0
========================================================================
Received Import Request.
  Time since last request: 15.353393 seconds.
  path: Assets/Scenes/magicOrb.unity
  artifactKey: Guid(6e27d684aa02dc64ca87bf168e6ff4c1) Importer(815301076,1909f56bfc062723c751e8b465ee728b)
Start importing Assets/Scenes/magicOrb.unity using Guid(6e27d684aa02dc64ca87bf168e6ff4c1) Importer(815301076,1909f56bfc062723c751e8b465ee728b)  -> (artifact id: '10387c47b63bac9b3d5e44eea5a825c1') in 0.000534 seconds
Number of updated asset objects reloaded before import = 0
Number of asset objects unloaded after import = 0
